Traceback (most recent call last):
  File "/mnt/c/Users/mferr/OneDrive - Universidade da Beira Interior/Mestrado/dissertacao/masters/implementation/genetic_algorithm.py", line 172, in <module>
Traceback (most recent call last):
  File "/mnt/c/Users/mferr/OneDrive - Universidade da Beira Interior/Mestrado/dissertacao/masters/implementation/execution_script.py", line 398, in <module>
    selection_methods = selection_execution(iteration)
  File "/mnt/c/Users/mferr/OneDrive - Universidade da Beira Interior/Mestrado/dissertacao/masters/implementation/execution_script.py", line 181, in selection_execution
    time = run_subprocess(['python3', 'genetic_algorithm.py'])
  File "/mnt/c/Users/mferr/OneDrive - Universidade da Beira Interior/Mestrado/dissertacao/masters/implementation/execution_script.py", line 77, in run_subprocess
    subprocess.run(command)
  File "/usr/lib/python3.10/subprocess.py", line 505, in run
    stdout, stderr = process.communicate(input, timeout=timeout)
  File "/usr/lib/python3.10/subprocess.py", line 1146, in communicate
    self.wait()
  File "/usr/lib/python3.10/subprocess.py", line 1209, in wait
    return self._wait(timeout=timeout)
  File "/usr/lib/python3.10/subprocess.py", line 1959, in _wait
    (pid, sts) = self._try_wait(0)
  File "/usr/lib/python3.10/subprocess.py", line 1917, in _try_wait
    (pid, sts) = os.waitpid(self.pid, wait_flags)
KeyboardInterrupt
