Generation number: 0
---------------------------------------------------------------
Tournament selection
Parents selected fitness: 0.51|0.51
# ----------- Parents selected ----------- #
Parent: [[[-1, [127.64, 145.92, 35, 'M', 0.12, 'V']], [4, [0.28]]], [[-1, [126.3, 164.07, 29, 'N', 0.22, 'L']], [3, ['N']], [7, []], [9, []]]] - Fitness: 0.51 - Remaining life time: 5 - Adaptive max selections: 0
Parent: [[[-1, [201.58, 157.44, 64, 'N', 0.19, 'M']], [0, [170.83]], [0, [194.71]], [8, []]], [[-1, [163.31, 190.0, 33, 'M', 0.17, 'V']], [0, [40.71]]]] - Fitness: 0.51 - Remaining life time: 5 - Adaptive max selections: 0
-------------------------------------------
Random values
0.5863476355986688|
0.44831043687081606|
Individual test suite: [[[-1, [201.58, 157.44, 64, 'N', 0.19, 'M']], [0, [170.83]], [0, [194.71]], [8, []]], [[-1, [126.3, 164.07, 29, 'N', 0.22, 'L']], [3, ['N']], [7, []], [9, []]]]
Previous fitness: -1
New fitness: 0.41
Individual test suite: [[[-1, [127.64, 145.92, 35, 'M', 0.12, 'V']], [4, [0.28]]], [[-1, [163.31, 190.0, 33, 'M', 0.17, 'V']], [0, [40.71]]]]
Previous fitness: -1
New fitness: 0.5
Offsprings before rlt setting: 
Offspring 1: -1
Offspring 2: -1
#----------------------------------------------------------------#
Offsprings after rlt setting: 
Offspring 1: 1
Offspring 2: 5
#----------------------------------------------------------------#
Tournament selection
Parents selected fitness: 0.51|0.51
# ----------- Parents selected ----------- #
Parent: [[[-1, [127.64, 145.92, 35, 'M', 0.12, 'V']], [4, [0.28]]], [[-1, [126.3, 164.07, 29, 'N', 0.22, 'L']], [3, ['N']], [7, []], [9, []]]] - Fitness: 0.51 - Remaining life time: 5 - Adaptive max selections: 0
Parent: [[[-1, [201.58, 157.44, 64, 'N', 0.19, 'M']], [0, [170.83]], [0, [194.71]], [8, []]], [[-1, [163.31, 190.0, 33, 'M', 0.17, 'V']], [0, [40.71]]]] - Fitness: 0.51 - Remaining life time: 5 - Adaptive max selections: 0
-------------------------------------------
Crossover operation was not performed
Offsprings before rlt setting: 
Offspring 1: 5
Offspring 2: 5
#----------------------------------------------------------------#
Offsprings after rlt setting: 
Offspring 1: 5
Offspring 2: 5
#----------------------------------------------------------------#
Tournament selection
Parents selected fitness: 0.51|0.51
# ----------- Parents selected ----------- #
Parent: [[[-1, [201.58, 157.44, 64, 'N', 0.19, 'M']], [0, [170.83]], [0, [194.71]], [8, []]], [[-1, [163.31, 190.0, 33, 'M', 0.17, 'V']], [0, [40.71]]]] - Fitness: 0.51 - Remaining life time: 5 - Adaptive max selections: 0
Parent: [[[-1, [201.58, 157.44, 64, 'N', 0.19, 'M']], [0, [170.83]], [0, [194.71]], [8, []]], [[-1, [163.31, 190.0, 33, 'M', 0.17, 'V']], [0, [40.71]]]] - Fitness: 0.51 - Remaining life time: 5 - Adaptive max selections: 0
-------------------------------------------
Random values
0.8256722517121347|
0.715328362895676|
Individual test suite: [[[-1, [201.58, 157.44, 64, 'N', 0.19, 'M']], [0, [170.83]], [0, [194.71]], [8, []]], [[-1, [163.31, 190.0, 33, 'M', 0.17, 'V']], [0, [40.71]]]]
Previous fitness: -1
New fitness: 0.51
Individual test suite: [[[-1, [201.58, 157.44, 64, 'N', 0.19, 'M']], [0, [170.83]], [0, [194.71]], [8, []]], [[-1, [163.31, 190.0, 33, 'M', 0.17, 'V']], [0, [40.71]]]]
Previous fitness: -1
New fitness: 0.51
Mutation applied to offspring 2 using other method | Offspring 2: [[[-1, [201.58, 157.44, 64, 'N', 0.19, 'M']], [0, [170.83]], [0, [194.71]], [8, []]], [[-1, [163.31, 190.0, 33, 'M', 0.17, 'V']], [0, [40.71]]]]
Change parameters
Position test case 0
Position method 0
Constructor
Individual test suite: [[[-1, [146.3, 154.64, 55, 'N', 0.18, 'E']], [0, [170.83]], [0, [194.71]], [8, []]], [[-1, [163.31, 190.0, 33, 'M', 0.17, 'V']], [0, [40.71]]]]
Previous fitness: -1
New fitness: 0.51
Offspring 2 after mutation: [[[-1, [146.3, 154.64, 55, 'N', 0.18, 'E']], [0, [170.83]], [0, [194.71]], [8, []]], [[-1, [163.31, 190.0, 33, 'M', 0.17, 'V']], [0, [40.71]]]]
Offsprings before rlt setting: 
Offspring 1: -1
Offspring 2: -1
#----------------------------------------------------------------#
Offsprings after rlt setting: 
Offspring 1: 5
Offspring 2: 5
#----------------------------------------------------------------#
Best solution: [[[-1, [127.64, 145.92, 35, 'M', 0.12, 'V']], [4, [0.28]]], [[-1, [126.3, 164.07, 29, 'N', 0.22, 'L']], [3, ['N']], [7, []], [9, []]]] - Fitness: 0.51
Old population size: 5
New population size: 6
------------------------------------------------------------------
Best fitness improved
Growth population
Alpha: 0.5
Growth size:1New individuals size: 1
Old population size grow: 6
Individual: [[[-1, [146.3, 154.64, 55, 'N', 0.18, 'E']], [0, [170.83]], [0, [194.71]], [8, []]], [[-1, [126.3, 164.07, 29, 'N', 0.22, 'L']], [3, ['N']], [7, []], [9, []]]] - Fitness: 0.41 - Remaining lifetime: 1
Individual: [[[-1, [127.64, 145.92, 35, 'M', 0.12, 'V']], [4, [0.28]]], [[-1, [163.31, 190.0, 33, 'M', 0.17, 'V']], [0, [40.71]]]] - Fitness: 0.5 - Remaining lifetime: 5
Individual: [[[-1, [127.64, 145.92, 35, 'M', 0.12, 'V']], [4, [0.28]]], [[-1, [126.3, 164.07, 29, 'N', 0.22, 'L']], [3, ['N']], [7, []], [9, []]]] - Fitness: 0.51 - Remaining lifetime: 5
Individual: [[[-1, [146.3, 154.64, 55, 'N', 0.18, 'E']], [0, [170.83]], [0, [194.71]], [8, []]], [[-1, [163.31, 190.0, 33, 'M', 0.17, 'V']], [0, [40.71]]]] - Fitness: 0.51 - Remaining lifetime: 5
Individual: [[[-1, [146.3, 154.64, 55, 'N', 0.18, 'E']], [0, [170.83]], [0, [194.71]], [8, []]], [[-1, [163.31, 190.0, 33, 'M', 0.17, 'V']], [0, [40.71]]]] - Fitness: 0.51 - Remaining lifetime: 5
Individual: [[[-1, [146.3, 154.64, 55, 'N', 0.18, 'E']], [0, [170.83]], [0, [194.71]], [8, []]], [[-1, [163.31, 190.0, 33, 'M', 0.17, 'V']], [0, [40.71]]]] - Fitness: 0.51 - Remaining lifetime: 5
-----------------------------
New population size grow: 7
Individual: [[[-1, [146.3, 154.64, 55, 'N', 0.18, 'E']], [0, [170.83]], [0, [194.71]], [8, []]], [[-1, [126.3, 164.07, 29, 'N', 0.22, 'L']], [3, ['N']], [7, []], [9, []]]] - Fitness: 0.41 - Remaining lifetime: 1
Individual: [[[-1, [127.64, 145.92, 35, 'M', 0.12, 'V']], [4, [0.28]]], [[-1, [163.31, 190.0, 33, 'M', 0.17, 'V']], [0, [40.71]]]] - Fitness: 0.5 - Remaining lifetime: 5
Individual: [[[-1, [127.64, 145.92, 35, 'M', 0.12, 'V']], [4, [0.28]]], [[-1, [126.3, 164.07, 29, 'N', 0.22, 'L']], [3, ['N']], [7, []], [9, []]]] - Fitness: 0.51 - Remaining lifetime: 5
Individual: [[[-1, [146.3, 154.64, 55, 'N', 0.18, 'E']], [0, [170.83]], [0, [194.71]], [8, []]], [[-1, [163.31, 190.0, 33, 'M', 0.17, 'V']], [0, [40.71]]]] - Fitness: 0.51 - Remaining lifetime: 5
Individual: [[[-1, [146.3, 154.64, 55, 'N', 0.18, 'E']], [0, [170.83]], [0, [194.71]], [8, []]], [[-1, [163.31, 190.0, 33, 'M', 0.17, 'V']], [0, [40.71]]]] - Fitness: 0.51 - Remaining lifetime: 5
Individual: [[[-1, [146.3, 154.64, 55, 'N', 0.18, 'E']], [0, [170.83]], [0, [194.71]], [8, []]], [[-1, [163.31, 190.0, 33, 'M', 0.17, 'V']], [0, [40.71]]]] - Fitness: 0.51 - Remaining lifetime: 5
Individual: [[[-1, [155.74, 175.39, 46, 'M', 0.25, 'N']], [0, [63.21]], [5, ['S']], [9, []]], [[-1, [152.29, 197.11, 52, 'F', 0.24, 'N']], [8, []], [1, [150.9]], [6, []]]] - Fitness: 0.5 - Remaining lifetime: 1
-----------------------------
Best individual fitness: 0.51
Population before adjustment: 
Individual: [[[-1, [146.3, 154.64, 55, 'N', 0.18, 'E']], [0, [170.83]], [0, [194.71]], [8, []]], [[-1, [126.3, 164.07, 29, 'N', 0.22, 'L']], [3, ['N']], [7, []], [9, []]]] - Fitness: 0.41 - Remaining lifetime: 1
Individual: [[[-1, [127.64, 145.92, 35, 'M', 0.12, 'V']], [4, [0.28]]], [[-1, [163.31, 190.0, 33, 'M', 0.17, 'V']], [0, [40.71]]]] - Fitness: 0.5 - Remaining lifetime: 5
Individual: [[[-1, [127.64, 145.92, 35, 'M', 0.12, 'V']], [4, [0.28]]], [[-1, [126.3, 164.07, 29, 'N', 0.22, 'L']], [3, ['N']], [7, []], [9, []]]] - Fitness: 0.51 - Remaining lifetime: 5
Individual: [[[-1, [146.3, 154.64, 55, 'N', 0.18, 'E']], [0, [170.83]], [0, [194.71]], [8, []]], [[-1, [163.31, 190.0, 33, 'M', 0.17, 'V']], [0, [40.71]]]] - Fitness: 0.51 - Remaining lifetime: 5
Individual: [[[-1, [146.3, 154.64, 55, 'N', 0.18, 'E']], [0, [170.83]], [0, [194.71]], [8, []]], [[-1, [163.31, 190.0, 33, 'M', 0.17, 'V']], [0, [40.71]]]] - Fitness: 0.51 - Remaining lifetime: 5
Individual: [[[-1, [146.3, 154.64, 55, 'N', 0.18, 'E']], [0, [170.83]], [0, [194.71]], [8, []]], [[-1, [163.31, 190.0, 33, 'M', 0.17, 'V']], [0, [40.71]]]] - Fitness: 0.51 - Remaining lifetime: 5
Individual: [[[-1, [155.74, 175.39, 46, 'M', 0.25, 'N']], [0, [63.21]], [5, ['S']], [9, []]], [[-1, [152.29, 197.11, 52, 'F', 0.24, 'N']], [8, []], [1, [150.9]], [6, []]]] - Fitness: 0.5 - Remaining lifetime: 1
------------------------------------
Population after adjustment: 
Individual: [[[-1, [127.64, 145.92, 35, 'M', 0.12, 'V']], [4, [0.28]]], [[-1, [163.31, 190.0, 33, 'M', 0.17, 'V']], [0, [40.71]]]] - Fitness: 0.5 - Remaining lifetime: 4
Individual: [[[-1, [127.64, 145.92, 35, 'M', 0.12, 'V']], [4, [0.28]]], [[-1, [126.3, 164.07, 29, 'N', 0.22, 'L']], [3, ['N']], [7, []], [9, []]]] - Fitness: 0.51 - Remaining lifetime: 5
Individual: [[[-1, [146.3, 154.64, 55, 'N', 0.18, 'E']], [0, [170.83]], [0, [194.71]], [8, []]], [[-1, [163.31, 190.0, 33, 'M', 0.17, 'V']], [0, [40.71]]]] - Fitness: 0.51 - Remaining lifetime: 5
Individual: [[[-1, [146.3, 154.64, 55, 'N', 0.18, 'E']], [0, [170.83]], [0, [194.71]], [8, []]], [[-1, [163.31, 190.0, 33, 'M', 0.17, 'V']], [0, [40.71]]]] - Fitness: 0.51 - Remaining lifetime: 5
Individual: [[[-1, [146.3, 154.64, 55, 'N', 0.18, 'E']], [0, [170.83]], [0, [194.71]], [8, []]], [[-1, [163.31, 190.0, 33, 'M', 0.17, 'V']], [0, [40.71]]]] - Fitness: 0.51 - Remaining lifetime: 5
Old best fitness: 0
------------------------ GENERATION STATS ------------------------
Generation: 1 - Old best fitness: 0.51 - Best fitness: 0.51 - Best fitness seen: 0.51 - Average fitness: 0.51 - Generations without fitness improvement: 0 - Population size: 5
------------------------------------------------------------------
Population size values: [5] - Generation number values: [1] - Generation fitness values: [0.51] - Crossover rate values: [0] - Mutation rate values: [0] - Iteration number population control: 0
------------------------------------------------------------------
Generation number: 1
---------------------------------------------------------------
Tournament selection
Parents selected fitness: 0.51|0.51
# ----------- Parents selected ----------- #
Parent: [[[-1, [127.64, 145.92, 35, 'M', 0.12, 'V']], [4, [0.28]]], [[-1, [126.3, 164.07, 29, 'N', 0.22, 'L']], [3, ['N']], [7, []], [9, []]]] - Fitness: 0.51 - Remaining life time: 10 - Adaptive max selections: 0
Parent: [[[-1, [127.64, 145.92, 35, 'M', 0.12, 'V']], [4, [0.28]]], [[-1, [126.3, 164.07, 29, 'N', 0.22, 'L']], [3, ['N']], [7, []], [9, []]]] - Fitness: 0.51 - Remaining life time: 10 - Adaptive max selections: 0
-------------------------------------------
Random values
0.4421438803313884|
0.5537297661912927|
Individual test suite: [[[-1, [127.64, 145.92, 35, 'M', 0.12, 'V']], [4, [0.28]]], [[-1, [126.3, 164.07, 29, 'N', 0.22, 'L']], [3, ['N']], [7, []], [9, []]]]
Previous fitness: -1
New fitness: 0.51
Individual test suite: [[[-1, [127.64, 145.92, 35, 'M', 0.12, 'V']], [4, [0.28]]], [[-1, [126.3, 164.07, 29, 'N', 0.22, 'L']], [3, ['N']], [7, []], [9, []]]]
Previous fitness: -1
New fitness: 0.51
Offsprings before rlt setting: 
Offspring 1: -1
Offspring 2: -1
#----------------------------------------------------------------#
Offsprings after rlt setting: 
Offspring 1: 10
Offspring 2: 10
#----------------------------------------------------------------#
Tournament selection
Parents selected fitness: 0.51|0.5
# ----------- Parents selected ----------- #
Parent: [[[-1, [127.64, 145.92, 35, 'M', 0.12, 'V']], [4, [0.28]]], [[-1, [126.3, 164.07, 29, 'N', 0.22, 'L']], [3, ['N']], [7, []], [9, []]]] - Fitness: 0.51 - Remaining life time: 10 - Adaptive max selections: 0
Parent: [[[-1, [127.64, 145.92, 35, 'M', 0.12, 'V']], [4, [0.28]]], [[-1, [163.31, 190.0, 33, 'M', 0.17, 'V']], [0, [40.71]]]] - Fitness: 0.5 - Remaining life time: 1 - Adaptive max selections: 0
-------------------------------------------
Random values
0.5735820627032947|
0.35798418587151626|
Individual test suite: [[[-1, [127.64, 145.92, 35, 'M', 0.12, 'V']], [4, [0.28]]], [[-1, [126.3, 164.07, 29, 'N', 0.22, 'L']], [3, ['N']], [7, []], [9, []]]]
Previous fitness: -1
New fitness: 0.51
Individual test suite: [[[-1, [127.64, 145.92, 35, 'M', 0.12, 'V']], [4, [0.28]]], [[-1, [163.31, 190.0, 33, 'M', 0.17, 'V']], [0, [40.71]]]]
Previous fitness: -1
New fitness: 0.5
Offsprings before rlt setting: 
Offspring 1: -1
Offspring 2: -1
#----------------------------------------------------------------#
Offsprings after rlt setting: 
Offspring 1: 10
Offspring 2: 1
#----------------------------------------------------------------#
Tournament selection
Parents selected fitness: 0.51|0.5
# ----------- Parents selected ----------- #
Parent: [[[-1, [146.3, 154.64, 55, 'N', 0.18, 'E']], [0, [170.83]], [0, [194.71]], [8, []]], [[-1, [163.31, 190.0, 33, 'M', 0.17, 'V']], [0, [40.71]]]] - Fitness: 0.51 - Remaining life time: 10 - Adaptive max selections: 0
Parent: [[[-1, [127.64, 145.92, 35, 'M', 0.12, 'V']], [4, [0.28]]], [[-1, [163.31, 190.0, 33, 'M', 0.17, 'V']], [0, [40.71]]]] - Fitness: 0.5 - Remaining life time: 1 - Adaptive max selections: 0
-------------------------------------------
Crossover operation was not performed
Offsprings before rlt setting: 
Offspring 1: 10
Offspring 2: 1
#----------------------------------------------------------------#
Offsprings after rlt setting: 
Offspring 1: 10
Offspring 2: 1
#----------------------------------------------------------------#
Old population size: 5
New population size: 6
------------------------------------------------------------------
Shrink population
Old population size shrink: 6
Selected individual to remove: 0
-----------------------------
Best individual fitness: 0.51
Population before adjustment: 
Individual: [[[-1, [127.64, 145.92, 35, 'M', 0.12, 'V']], [4, [0.28]]], [[-1, [126.3, 164.07, 29, 'N', 0.22, 'L']], [3, ['N']], [7, []], [9, []]]] - Fitness: 0.51 - Remaining lifetime: 10
Individual: [[[-1, [127.64, 145.92, 35, 'M', 0.12, 'V']], [4, [0.28]]], [[-1, [126.3, 164.07, 29, 'N', 0.22, 'L']], [3, ['N']], [7, []], [9, []]]] - Fitness: 0.51 - Remaining lifetime: 10
Individual: [[[-1, [127.64, 145.92, 35, 'M', 0.12, 'V']], [4, [0.28]]], [[-1, [126.3, 164.07, 29, 'N', 0.22, 'L']], [3, ['N']], [7, []], [9, []]]] - Fitness: 0.51 - Remaining lifetime: 10
Individual: [[[-1, [146.3, 154.64, 55, 'N', 0.18, 'E']], [0, [170.83]], [0, [194.71]], [8, []]], [[-1, [163.31, 190.0, 33, 'M', 0.17, 'V']], [0, [40.71]]]] - Fitness: 0.51 - Remaining lifetime: 10
Individual: [[[-1, [127.64, 145.92, 35, 'M', 0.12, 'V']], [4, [0.28]]], [[-1, [163.31, 190.0, 33, 'M', 0.17, 'V']], [0, [40.71]]]] - Fitness: 0.5 - Remaining lifetime: 1
------------------------------------
Population after adjustment: 
Individual: [[[-1, [127.64, 145.92, 35, 'M', 0.12, 'V']], [4, [0.28]]], [[-1, [126.3, 164.07, 29, 'N', 0.22, 'L']], [3, ['N']], [7, []], [9, []]]] - Fitness: 0.51 - Remaining lifetime: 10
Individual: [[[-1, [127.64, 145.92, 35, 'M', 0.12, 'V']], [4, [0.28]]], [[-1, [126.3, 164.07, 29, 'N', 0.22, 'L']], [3, ['N']], [7, []], [9, []]]] - Fitness: 0.51 - Remaining lifetime: 10
Individual: [[[-1, [127.64, 145.92, 35, 'M', 0.12, 'V']], [4, [0.28]]], [[-1, [126.3, 164.07, 29, 'N', 0.22, 'L']], [3, ['N']], [7, []], [9, []]]] - Fitness: 0.51 - Remaining lifetime: 10
Individual: [[[-1, [146.3, 154.64, 55, 'N', 0.18, 'E']], [0, [170.83]], [0, [194.71]], [8, []]], [[-1, [163.31, 190.0, 33, 'M', 0.17, 'V']], [0, [40.71]]]] - Fitness: 0.51 - Remaining lifetime: 10
New population size shrink: 4
Old best fitness: 0.51
------------------------ GENERATION STATS ------------------------
Generation: 2 - Old best fitness: 0.51 - Best fitness: 0.51 - Best fitness seen: 0.51 - Average fitness: 0.51 - Generations without fitness improvement: 1 - Population size: 4
------------------------------------------------------------------
Population size values: [5, 4] - Generation number values: [1, 2] - Generation fitness values: [0.51, 0.51] - Crossover rate values: [0, 0] - Mutation rate values: [0, 0] - Iteration number population control: 1
------------------------------------------------------------------
Generation number: 2
---------------------------------------------------------------
Tournament selection
Parents selected fitness: 0.51|0.51
# ----------- Parents selected ----------- #
Parent: [[[-1, [146.3, 154.64, 55, 'N', 0.18, 'E']], [0, [170.83]], [0, [194.71]], [8, []]], [[-1, [163.31, 190.0, 33, 'M', 0.17, 'V']], [0, [40.71]]]] - Fitness: 0.51 - Remaining life time: 1 - Adaptive max selections: 0
Parent: [[[-1, [127.64, 145.92, 35, 'M', 0.12, 'V']], [4, [0.28]]], [[-1, [126.3, 164.07, 29, 'N', 0.22, 'L']], [3, ['N']], [7, []], [9, []]]] - Fitness: 0.51 - Remaining life time: 1 - Adaptive max selections: 0
-------------------------------------------
Crossover operation was not performed
Offsprings before rlt setting: 
Offspring 1: 1
Offspring 2: 1
#----------------------------------------------------------------#
Offsprings after rlt setting: 
Offspring 1: 1
Offspring 2: 1
#----------------------------------------------------------------#
Tournament selection
Parents selected fitness: 0.51|0.51
# ----------- Parents selected ----------- #
Parent: [[[-1, [127.64, 145.92, 35, 'M', 0.12, 'V']], [4, [0.28]]], [[-1, [126.3, 164.07, 29, 'N', 0.22, 'L']], [3, ['N']], [7, []], [9, []]]] - Fitness: 0.51 - Remaining life time: 1 - Adaptive max selections: 0
Parent: [[[-1, [146.3, 154.64, 55, 'N', 0.18, 'E']], [0, [170.83]], [0, [194.71]], [8, []]], [[-1, [163.31, 190.0, 33, 'M', 0.17, 'V']], [0, [40.71]]]] - Fitness: 0.51 - Remaining life time: 1 - Adaptive max selections: 0
-------------------------------------------
Random values
0.24990324897297245|
0.09138533142811911|
Individual test suite: [[[-1, [127.64, 145.92, 35, 'M', 0.12, 'V']], [4, [0.28]]], [[-1, [126.3, 164.07, 29, 'N', 0.22, 'L']], [3, ['N']], [7, []], [9, []]]]
Previous fitness: -1
New fitness: 0.51
Individual test suite: [[[-1, [146.3, 154.64, 55, 'N', 0.18, 'E']], [0, [170.83]], [0, [194.71]], [8, []]], [[-1, [163.31, 190.0, 33, 'M', 0.17, 'V']], [0, [40.71]]]]
Previous fitness: -1
New fitness: 0.51
Offsprings before rlt setting: 
Offspring 1: -1
Offspring 2: -1
#----------------------------------------------------------------#
Offsprings after rlt setting: 
Offspring 1: 1
Offspring 2: 1
#----------------------------------------------------------------#
Old population size: 4
New population size: 4
------------------------------------------------------------------
Fitness iteration limit reached
Growth population
Alpha: 0.5
Best individual fitness: 0.51
Population before adjustment: 
Individual: [[[-1, [146.3, 154.64, 55, 'N', 0.18, 'E']], [0, [170.83]], [0, [194.71]], [8, []]], [[-1, [163.31, 190.0, 33, 'M', 0.17, 'V']], [0, [40.71]]]] - Fitness: 0.51 - Remaining lifetime: 1
Individual: [[[-1, [127.64, 145.92, 35, 'M', 0.12, 'V']], [4, [0.28]]], [[-1, [126.3, 164.07, 29, 'N', 0.22, 'L']], [3, ['N']], [7, []], [9, []]]] - Fitness: 0.51 - Remaining lifetime: 1
Individual: [[[-1, [127.64, 145.92, 35, 'M', 0.12, 'V']], [4, [0.28]]], [[-1, [126.3, 164.07, 29, 'N', 0.22, 'L']], [3, ['N']], [7, []], [9, []]]] - Fitness: 0.51 - Remaining lifetime: 1
Individual: [[[-1, [146.3, 154.64, 55, 'N', 0.18, 'E']], [0, [170.83]], [0, [194.71]], [8, []]], [[-1, [163.31, 190.0, 33, 'M', 0.17, 'V']], [0, [40.71]]]] - Fitness: 0.51 - Remaining lifetime: 1
------------------------------------
Population after adjustment: 
Individual: [[[-1, [146.3, 154.64, 55, 'N', 0.18, 'E']], [0, [170.83]], [0, [194.71]], [8, []]], [[-1, [163.31, 190.0, 33, 'M', 0.17, 'V']], [0, [40.71]]]] - Fitness: 0.51 - Remaining lifetime: 1
Individual: [[[-1, [127.64, 145.92, 35, 'M', 0.12, 'V']], [4, [0.28]]], [[-1, [126.3, 164.07, 29, 'N', 0.22, 'L']], [3, ['N']], [7, []], [9, []]]] - Fitness: 0.51 - Remaining lifetime: 1
Individual: [[[-1, [127.64, 145.92, 35, 'M', 0.12, 'V']], [4, [0.28]]], [[-1, [126.3, 164.07, 29, 'N', 0.22, 'L']], [3, ['N']], [7, []], [9, []]]] - Fitness: 0.51 - Remaining lifetime: 1
Individual: [[[-1, [146.3, 154.64, 55, 'N', 0.18, 'E']], [0, [170.83]], [0, [194.71]], [8, []]], [[-1, [163.31, 190.0, 33, 'M', 0.17, 'V']], [0, [40.71]]]] - Fitness: 0.51 - Remaining lifetime: 1
Old best fitness: 0.51
------------------------ GENERATION STATS ------------------------
Generation: 3 - Old best fitness: 0.51 - Best fitness: 0.51 - Best fitness seen: 0.51 - Average fitness: 0.51 - Generations without fitness improvement: 2 - Population size: 4
------------------------------------------------------------------
Population size values: [5, 4, 4] - Generation number values: [1, 2, 3] - Generation fitness values: [0.51, 0.51, 0.51] - Crossover rate values: [0, 0, 0] - Mutation rate values: [0, 0, 0] - Iteration number population control: 0
------------------------------------------------------------------
Started writing list data into a json file
Done writing JSON data into .json file
Done writing JSON data into .json file
Done writing JSON data into .json file
Done writing JSON data into .json file
Done writing JSON data into .json file
Done writing JSON data into .json file
Started writing list data into a json file
Done writing JSON data into .json file
-----------------------------------------------
New Population After Genetic Algorithm Execution
-------------------------------------
Test Suite - [[[-1, [146.3, 154.64, 55, 'N', 0.18, 'E']], [0, [170.83]], [0, [194.71]], [8, []]], [[-1, [163.31, 190.0, 33, 'M', 0.17, 'V']], [0, [40.71]]]]
Fitness - 0.51
Crossover Rate - 0.8289678923571391
Mutation Rate - 0.18557367104196898
Adaptive Max Selections - 0
Remaining Life Time - 1
-------------------------------------
Test Suite - [[[-1, [127.64, 145.92, 35, 'M', 0.12, 'V']], [4, [0.28]]], [[-1, [126.3, 164.07, 29, 'N', 0.22, 'L']], [3, ['N']], [7, []], [9, []]]]
Fitness - 0.51
Crossover Rate - 0.8741333812379543
Mutation Rate - 0.42958151738107764
Adaptive Max Selections - 0
Remaining Life Time - 1
-------------------------------------
Test Suite - [[[-1, [127.64, 145.92, 35, 'M', 0.12, 'V']], [4, [0.28]]], [[-1, [126.3, 164.07, 29, 'N', 0.22, 'L']], [3, ['N']], [7, []], [9, []]]]
Fitness - 0.51
Crossover Rate - 0.14144803507793413
Mutation Rate - 0.30065060092775975
Adaptive Max Selections - 0
Remaining Life Time - 1
-------------------------------------
Test Suite - [[[-1, [146.3, 154.64, 55, 'N', 0.18, 'E']], [0, [170.83]], [0, [194.71]], [8, []]], [[-1, [163.31, 190.0, 33, 'M', 0.17, 'V']], [0, [40.71]]]]
Fitness - 0.51
Crossover Rate - 0.5456315564963208
Mutation Rate - 0.10995997169222416
Adaptive Max Selections - 0
Remaining Life Time - 1
Generation number: 0
---------------------------------------------------------------
Tournament selection
Parents selected fitness: 0.5|0.73
# ----------- Parents selected ----------- #
Parent: [[[-1, [192.64, 180.79, 24, 'M', 0.05, 'S']]], [[-1, [49.22, 207.09, 60, 'F', 0.15, 'L']]]] - Fitness: 0.5 - Remaining life time: 1 - Adaptive max selections: 0
Parent: [[[-1, [170.12, 153.49, 18, 'M', 0.05, 'V']], [6, []], [8, []]], [[-1, [41.69, 173.94, 46, 'F', 0.27, 'N']], [1, [206.3]], [8, []]]] - Fitness: 0.73 - Remaining life time: 10 - Adaptive max selections: 0
-------------------------------------------
Random values
0.44552791103310807|
0.9030974122273441|
Individual test suite: [[[-1, [192.64, 180.79, 24, 'M', 0.05, 'S']]], [[-1, [41.69, 173.94, 46, 'F', 0.27, 'N']], [1, [206.3]], [8, []]]]
Previous fitness: -1
New fitness: 0.51
Individual test suite: [[[-1, [170.12, 153.49, 18, 'M', 0.05, 'V']], [6, []], [8, []]], [[-1, [49.22, 207.09, 60, 'F', 0.15, 'L']]]]
Previous fitness: -1
New fitness: 0.71
Offsprings before rlt setting: 
Offspring 1: -1
Offspring 2: -1
#----------------------------------------------------------------#
Offsprings after rlt setting: 
Offspring 1: 1
Offspring 2: 9
#----------------------------------------------------------------#
Tournament selection
Parents selected fitness: 0.5|0.5
# ----------- Parents selected ----------- #
Parent: [[[-1, [192.64, 180.79, 24, 'M', 0.05, 'S']]], [[-1, [49.22, 207.09, 60, 'F', 0.15, 'L']]]] - Fitness: 0.5 - Remaining life time: 1 - Adaptive max selections: 0
Parent: [[[-1, [192.64, 180.79, 24, 'M', 0.05, 'S']]], [[-1, [49.22, 207.09, 60, 'F', 0.15, 'L']]]] - Fitness: 0.5 - Remaining life time: 1 - Adaptive max selections: 0
-------------------------------------------
Random values
0.4619284595327783|
0.13553366847629034|
Individual test suite: [[[-1, [192.64, 180.79, 24, 'M', 0.05, 'S']]], [[-1, [49.22, 207.09, 60, 'F', 0.15, 'L']]]]
Previous fitness: -1
New fitness: 0.5
Individual test suite: [[[-1, [192.64, 180.79, 24, 'M', 0.05, 'S']]], [[-1, [49.22, 207.09, 60, 'F', 0.15, 'L']]]]
Previous fitness: -1
New fitness: 0.5
Offsprings before rlt setting: 
Offspring 1: -1
Offspring 2: -1
#----------------------------------------------------------------#
Offsprings after rlt setting: 
Offspring 1: 1
Offspring 2: 1
#----------------------------------------------------------------#
Tournament selection
Parents selected fitness: 0.52|0.51
# ----------- Parents selected ----------- #
Parent: [[[-1, [116.4, 196.07, 78, 'F', 0.16, 'M']], [4, [0.01]], [7, []]], [[-1, [142.21, 157.34, 10, 'F', 0.23, 'L']], [3, ['M']]], [[-1, [95.62, 166.54, 48, 'M', 0.19, 'V']], [7, []]]] - Fitness: 0.52 - Remaining life time: 1 - Adaptive max selections: 0
Parent: [[[-1, [104.44, 161.98, 71, 'N', 0.2, 'E']], [3, ['M']], [1, [176.61]], [6, []]], [[-1, [159.36, 178.92, 48, 'M', 0.12, 'N']], [3, ['F']]]] - Fitness: 0.51 - Remaining life time: 1 - Adaptive max selections: 0
-------------------------------------------
Random values
0.44777315991148514|
0.12664564722685867|
Individual test suite: [[[-1, [116.4, 196.07, 78, 'F', 0.16, 'M']], [4, [0.01]], [7, []]], [[-1, [142.21, 157.34, 10, 'F', 0.23, 'L']], [3, ['M']]]]
Previous fitness: -1
New fitness: 0.52
Individual test suite: [[[-1, [104.44, 161.98, 71, 'N', 0.2, 'E']], [3, ['M']], [1, [176.61]], [6, []]], [[-1, [159.36, 178.92, 48, 'M', 0.12, 'N']], [3, ['F']]]]
Previous fitness: -1
New fitness: 0.51
Offsprings before rlt setting: 
Offspring 1: -1
Offspring 2: -1
#----------------------------------------------------------------#
Offsprings after rlt setting: 
Offspring 1: 1
Offspring 2: 1
#----------------------------------------------------------------#
Best solution: [[[-1, [170.12, 153.49, 18, 'M', 0.05, 'V']], [6, []], [8, []]], [[-1, [49.22, 207.09, 60, 'F', 0.15, 'L']]]] - Fitness: 0.71
Old best fitness: 0
------------------------ GENERATION STATS ------------------------
Generation: 1 - Old best fitness: 0.71 - Best fitness: 0.71 - Best fitness seen: 0.71 - Average fitness: 0.54 - Generations without fitness improvement: 0 - Population size: 6
------------------------------------------------------------------
Population size values: [6] - Generation number values: [1] - Generation fitness values: [0.71] - Crossover rate values: [0] - Mutation rate values: [0] - Iteration number population control: 2
------------------------------------------------------------------
Generation number: 1
---------------------------------------------------------------
Tournament selection
Parents selected fitness: 0.51|0.52
# ----------- Parents selected ----------- #
Parent: [[[-1, [192.64, 180.79, 24, 'M', 0.05, 'S']]], [[-1, [41.69, 173.94, 46, 'F', 0.27, 'N']], [1, [206.3]], [8, []]]] - Fitness: 0.51 - Remaining life time: 2 - Adaptive max selections: 0
Parent: [[[-1, [116.4, 196.07, 78, 'F', 0.16, 'M']], [4, [0.01]], [7, []]], [[-1, [142.21, 157.34, 10, 'F', 0.23, 'L']], [3, ['M']]]] - Fitness: 0.52 - Remaining life time: 3 - Adaptive max selections: 0
-------------------------------------------
Crossover operation was not performed
Offsprings before rlt setting: 
Offspring 1: 2
Offspring 2: 3
#----------------------------------------------------------------#
Offsprings after rlt setting: 
Offspring 1: 2
Offspring 2: 3
#----------------------------------------------------------------#
Tournament selection
Parents selected fitness: 0.51|0.5
# ----------- Parents selected ----------- #
Parent: [[[-1, [192.64, 180.79, 24, 'M', 0.05, 'S']]], [[-1, [41.69, 173.94, 46, 'F', 0.27, 'N']], [1, [206.3]], [8, []]]] - Fitness: 0.51 - Remaining life time: 2 - Adaptive max selections: 0
Parent: [[[-1, [192.64, 180.79, 24, 'M', 0.05, 'S']]], [[-1, [49.22, 207.09, 60, 'F', 0.15, 'L']]]] - Fitness: 0.5 - Remaining life time: 1 - Adaptive max selections: 0
-------------------------------------------
Random values
0.5761522194229176|
0.0838981130732247|
Individual test suite: [[[-1, [192.64, 180.79, 24, 'M', 0.05, 'S']]], [[-1, [41.69, 173.94, 46, 'F', 0.27, 'N']], [1, [206.3]], [8, []]]]
Previous fitness: -1
New fitness: 0.51
Individual test suite: [[[-1, [192.64, 180.79, 24, 'M', 0.05, 'S']]], [[-1, [49.22, 207.09, 60, 'F', 0.15, 'L']]]]
Previous fitness: -1
New fitness: 0.5
Mutation applied to offspring 1 using other method | Offspring 1: [[[-1, [192.64, 180.79, 24, 'M', 0.05, 'S']]], [[-1, [41.69, 173.94, 46, 'F', 0.27, 'N']], [1, [206.3]], [8, []]]]
Change parameters
Position test case 1
Position method 1
Function:1
Individual test suite: [[[-1, [192.64, 180.79, 24, 'M', 0.05, 'S']]], [[-1, [41.69, 173.94, 46, 'F', 0.27, 'N']], [5, ['L']], [8, []]]]
Previous fitness: -1
New fitness: 0.51
Offspring 1 after mutation: [[[-1, [192.64, 180.79, 24, 'M', 0.05, 'S']]], [[-1, [41.69, 173.94, 46, 'F', 0.27, 'N']], [5, ['L']], [8, []]]]
Offsprings before rlt setting: 
Offspring 1: -1
Offspring 2: -1
#----------------------------------------------------------------#
Offsprings after rlt setting: 
Offspring 1: 2
Offspring 2: 1
#----------------------------------------------------------------#
Tournament selection
Parents selected fitness: 0.71|0.51
# ----------- Parents selected ----------- #
Parent: [[[-1, [170.12, 153.49, 18, 'M', 0.05, 'V']], [6, []], [8, []]], [[-1, [49.22, 207.09, 60, 'F', 0.15, 'L']]]] - Fitness: 0.71 - Remaining life time: 10 - Adaptive max selections: 0
Parent: [[[-1, [192.64, 180.79, 24, 'M', 0.05, 'S']]], [[-1, [41.69, 173.94, 46, 'F', 0.27, 'N']], [5, ['L']], [8, []]]] - Fitness: 0.51 - Remaining life time: 2 - Adaptive max selections: 0
-------------------------------------------
Crossover operation was not performed
Offsprings before rlt setting: 
Offspring 1: 10
Offspring 2: 2
#----------------------------------------------------------------#
Offsprings after rlt setting: 
Offspring 1: 10
Offspring 2: 2
#----------------------------------------------------------------#
Old best fitness: 0.71
------------------------ GENERATION STATS ------------------------
Generation: 2 - Old best fitness: 0.71 - Best fitness: 0.71 - Best fitness seen: 0.71 - Average fitness: 0.54 - Generations without fitness improvement: 1 - Population size: 6
------------------------------------------------------------------
Population size values: [6, 6] - Generation number values: [1, 2] - Generation fitness values: [0.71, 0.71] - Crossover rate values: [0, 0] - Mutation rate values: [0, 0] - Iteration number population control: 3
------------------------------------------------------------------
Generation number: 2
---------------------------------------------------------------
Tournament selection
Parents selected fitness: 0.51|0.5
# ----------- Parents selected ----------- #
Parent: [[[-1, [192.64, 180.79, 24, 'M', 0.05, 'S']]], [[-1, [41.69, 173.94, 46, 'F', 0.27, 'N']], [5, ['L']], [8, []]]] - Fitness: 0.51 - Remaining life time: 2 - Adaptive max selections: 0
Parent: [[[-1, [192.64, 180.79, 24, 'M', 0.05, 'S']]], [[-1, [49.22, 207.09, 60, 'F', 0.15, 'L']]]] - Fitness: 0.5 - Remaining life time: 1 - Adaptive max selections: 0
-------------------------------------------
Random values
0.866618009429876|
0.08716460637633638|
Individual test suite: [[[-1, [192.64, 180.79, 24, 'M', 0.05, 'S']]], [[-1, [41.69, 173.94, 46, 'F', 0.27, 'N']], [5, ['L']], [8, []]]]
Previous fitness: -1
New fitness: 0.51
Individual test suite: [[[-1, [192.64, 180.79, 24, 'M', 0.05, 'S']]], [[-1, [49.22, 207.09, 60, 'F', 0.15, 'L']]]]
Previous fitness: -1
New fitness: 0.5
Mutation applied to offspring 1 using other method | Offspring 1: [[[-1, [192.64, 180.79, 24, 'M', 0.05, 'S']]], [[-1, [41.69, 173.94, 46, 'F', 0.27, 'N']], [5, ['L']], [8, []]]]
Change parameters
Position test case 0
Position method 0
Constructor
Individual test suite: [[[-1, [208.81, 175.78, 19, 'F', 0.0, 'L']]], [[-1, [41.69, 173.94, 46, 'F', 0.27, 'N']], [5, ['L']], [8, []]]]
Previous fitness: -1
New fitness: 0.51
Offspring 1 after mutation: [[[-1, [208.81, 175.78, 19, 'F', 0.0, 'L']]], [[-1, [41.69, 173.94, 46, 'F', 0.27, 'N']], [5, ['L']], [8, []]]]
Offsprings before rlt setting: 
Offspring 1: -1
Offspring 2: -1
#----------------------------------------------------------------#
Offsprings after rlt setting: 
Offspring 1: 2
Offspring 2: 1
#----------------------------------------------------------------#
Tournament selection
Parents selected fitness: 0.5|0.51
# ----------- Parents selected ----------- #
Parent: [[[-1, [208.81, 175.78, 19, 'F', 0.0, 'L']]], [[-1, [49.22, 207.09, 60, 'F', 0.15, 'L']]]] - Fitness: 0.5 - Remaining life time: 1 - Adaptive max selections: 0
Parent: [[[-1, [208.81, 175.78, 19, 'F', 0.0, 'L']]], [[-1, [41.69, 173.94, 46, 'F', 0.27, 'N']], [5, ['L']], [8, []]]] - Fitness: 0.51 - Remaining life time: 2 - Adaptive max selections: 0
-------------------------------------------
Random values
0.004936272392686791|
0.25770198521020293|
Individual test suite: [[[-1, [208.81, 175.78, 19, 'F', 0.0, 'L']]], [[-1, [49.22, 207.09, 60, 'F', 0.15, 'L']]]]
Previous fitness: -1
New fitness: 0.5
Individual test suite: [[[-1, [208.81, 175.78, 19, 'F', 0.0, 'L']]], [[-1, [41.69, 173.94, 46, 'F', 0.27, 'N']], [5, ['L']], [8, []]]]
Previous fitness: -1
New fitness: 0.51
Offsprings before rlt setting: 
Offspring 1: -1
Offspring 2: -1
#----------------------------------------------------------------#
Offsprings after rlt setting: 
Offspring 1: 1
Offspring 2: 2
#----------------------------------------------------------------#
Tournament selection
Parents selected fitness: 0.51|0.5
# ----------- Parents selected ----------- #
Parent: [[[-1, [208.81, 175.78, 19, 'F', 0.0, 'L']]], [[-1, [41.69, 173.94, 46, 'F', 0.27, 'N']], [5, ['L']], [8, []]]] - Fitness: 0.51 - Remaining life time: 2 - Adaptive max selections: 0
Parent: [[[-1, [208.81, 175.78, 19, 'F', 0.0, 'L']]], [[-1, [49.22, 207.09, 60, 'F', 0.15, 'L']]]] - Fitness: 0.5 - Remaining life time: 1 - Adaptive max selections: 0
-------------------------------------------
Random values
0.9858137048196679|
0.3481711246926703|
Individual test suite: [[[-1, [208.81, 175.78, 19, 'F', 0.0, 'L']]], [[-1, [41.69, 173.94, 46, 'F', 0.27, 'N']], [5, ['L']], [8, []]]]
Previous fitness: -1
New fitness: 0.51
Individual test suite: [[[-1, [208.81, 175.78, 19, 'F', 0.0, 'L']]], [[-1, [49.22, 207.09, 60, 'F', 0.15, 'L']]]]
Previous fitness: -1
New fitness: 0.5
Offsprings before rlt setting: 
Offspring 1: -1
Offspring 2: -1
#----------------------------------------------------------------#
Offsprings after rlt setting: 
Offspring 1: 2
Offspring 2: 1
#----------------------------------------------------------------#
Old best fitness: 0.71
------------------------ GENERATION STATS ------------------------
Generation: 3 - Old best fitness: 0.51 - Best fitness: 0.51 - Best fitness seen: 0.71 - Average fitness: 0.51 - Generations without fitness improvement: 2 - Population size: 6
------------------------------------------------------------------
Population size values: [6, 6, 6] - Generation number values: [1, 2, 3] - Generation fitness values: [0.71, 0.71, 0.51] - Crossover rate values: [0, 0, 0] - Mutation rate values: [0, 0, 0] - Iteration number population control: 4
------------------------------------------------------------------
Started writing list data into a json file
Done writing JSON data into .json file
Done writing JSON data into .json file
Done writing JSON data into .json file
Done writing JSON data into .json file
Done writing JSON data into .json file
Done writing JSON data into .json file
Started writing list data into a json file
Done writing JSON data into .json file
-----------------------------------------------
New Population After Genetic Algorithm Execution
-------------------------------------
Test Suite - [[[-1, [208.81, 175.78, 19, 'F', 0.0, 'L']]], [[-1, [41.69, 173.94, 46, 'F', 0.27, 'N']], [5, ['L']], [8, []]]]
Fitness - 0.51
Crossover Rate - 0.030261815630499123
Mutation Rate - 0.36192012844727395
Adaptive Max Selections - 0
Remaining Life Time - 10
-------------------------------------
Test Suite - [[[-1, [208.81, 175.78, 19, 'F', 0.0, 'L']]], [[-1, [49.22, 207.09, 60, 'F', 0.15, 'L']]]]
Fitness - 0.5
Crossover Rate - 0.8360485393621714
Mutation Rate - 0.5594344513615451
Adaptive Max Selections - 0
Remaining Life Time - 1
-------------------------------------
Test Suite - [[[-1, [208.81, 175.78, 19, 'F', 0.0, 'L']]], [[-1, [49.22, 207.09, 60, 'F', 0.15, 'L']]]]
Fitness - 0.5
Crossover Rate - 0.41678705322400267
Mutation Rate - 0.6035931506768119
Adaptive Max Selections - 0
Remaining Life Time - 1
-------------------------------------
Test Suite - [[[-1, [208.81, 175.78, 19, 'F', 0.0, 'L']]], [[-1, [41.69, 173.94, 46, 'F', 0.27, 'N']], [5, ['L']], [8, []]]]
Fitness - 0.51
Crossover Rate - 0.6467367628509025
Mutation Rate - 0.0628338521564119
Adaptive Max Selections - 0
Remaining Life Time - 10
-------------------------------------
Test Suite - [[[-1, [208.81, 175.78, 19, 'F', 0.0, 'L']]], [[-1, [41.69, 173.94, 46, 'F', 0.27, 'N']], [5, ['L']], [8, []]]]
Fitness - 0.51
Crossover Rate - 0.5835556929076492
Mutation Rate - 0.09887884976900052
Adaptive Max Selections - 0
Remaining Life Time - 10
-------------------------------------
Test Suite - [[[-1, [208.81, 175.78, 19, 'F', 0.0, 'L']]], [[-1, [49.22, 207.09, 60, 'F', 0.15, 'L']]]]
Fitness - 0.5
Crossover Rate - 0.8775337176346647
Mutation Rate - 0.7529569945641225
Adaptive Max Selections - 0
Remaining Life Time - 1
Generation number: 0
---------------------------------------------------------------
# ----------- Parents selected ----------- #
Parent: [[[-1, [104.37, 198.2, 46, 'M', 0.14, 'E']], [5, ['N']], [5, ['E']], [0, [56.14]]], [[-1, [101.14, 174.5, 58, 'F', 0.19, 'V']]]] - Fitness: 0.51 - Remaining life time: 1 - Adaptive max selections: 0
Parent: [[[-1, [69.36, 160.36, 38, 'F', 0.13, 'M']], [9, []]], [[-1, [134.23, 203.93, 45, 'N', 0.22, 'L']], [1, [154.72]]]] - Fitness: 0.65 - Remaining life time: 10 - Adaptive max selections: 0
-------------------------------------------
Random values
0.12540136210410613|
0.1436656170218792|
Individual test suite: [[[-1, [104.37, 198.2, 46, 'M', 0.14, 'E']], [5, ['N']], [5, ['E']], [0, [56.14]]], [[-1, [101.14, 174.5, 58, 'F', 0.19, 'V']]]]
Previous fitness: -1
New fitness: 0.51
Individual test suite: [[[-1, [69.36, 160.36, 38, 'F', 0.13, 'M']], [9, []]], [[-1, [134.23, 203.93, 45, 'N', 0.22, 'L']], [1, [154.72]]]]
Previous fitness: -1
New fitness: 0.65
Mutation applied to offspring 1 using other method | Offspring 1: [[[-1, [104.37, 198.2, 46, 'M', 0.14, 'E']], [5, ['N']], [5, ['E']], [0, [56.14]]], [[-1, [101.14, 174.5, 58, 'F', 0.19, 'V']]]]
Change parameters
Position test case 0
Position method 3
Function:0
Individual test suite: [[[-1, [104.37, 198.2, 46, 'M', 0.14, 'E']], [5, ['N']], [5, ['E']], [4, [0.23]]], [[-1, [101.14, 174.5, 58, 'F', 0.19, 'V']]]]
Previous fitness: -1
New fitness: 0.51
Offspring 1 after mutation: [[[-1, [104.37, 198.2, 46, 'M', 0.14, 'E']], [5, ['N']], [5, ['E']], [4, [0.23]]], [[-1, [101.14, 174.5, 58, 'F', 0.19, 'V']]]]
Offsprings before rlt setting: 
Offspring 1: -1
Offspring 2: -1
#----------------------------------------------------------------#
Offsprings after rlt setting: 
Offspring 1: 1
Offspring 2: 10
#----------------------------------------------------------------#
# ----------- Parents selected ----------- #
Parent: [[[-1, [86.18, 177.46, 58, 'M', 0.01, 'V']], [2, [43]], [7, []], [0, [48.76]], [2, [22]]], [[-1, [173.41, 185.37, 20, 'N', 0.1, 'S']], [1, [194.3]]], [[-1, [177.83, 210.37, 79, 'N', 0.24, 'N']], [0, [128.54]], [0, [170.97]], [0, [111.69]]]] - Fitness: 0.54 - Remaining life time: 4 - Adaptive max selections: 0
Parent: [[[-1, [69.36, 160.36, 38, 'F', 0.13, 'M']], [9, []]], [[-1, [134.23, 203.93, 45, 'N', 0.22, 'L']], [1, [154.72]]]] - Fitness: 0.65 - Remaining life time: 10 - Adaptive max selections: 0
-------------------------------------------
Random values
0.4490727682643829|
0.5762088018002876|
Individual test suite: [[[-1, [86.18, 177.46, 58, 'M', 0.01, 'V']], [2, [43]], [7, []], [0, [48.76]], [2, [22]]], [[-1, [134.23, 203.93, 45, 'N', 0.22, 'L']], [1, [154.72]]]]
Previous fitness: -1
New fitness: 0.54
Individual test suite: [[[-1, [69.36, 160.36, 38, 'F', 0.13, 'M']], [9, []]], [[-1, [173.41, 185.37, 20, 'N', 0.1, 'S']], [1, [194.3]]]]
Previous fitness: -1
New fitness: 0.65
Offsprings before rlt setting: 
Offspring 1: -1
Offspring 2: -1
#----------------------------------------------------------------#
Offsprings after rlt setting: 
Offspring 1: 4
Offspring 2: 10
#----------------------------------------------------------------#
# ----------- Parents selected ----------- #
Parent: [[[-1, [104.37, 198.2, 46, 'M', 0.14, 'E']], [5, ['N']], [5, ['E']], [4, [0.23]]], [[-1, [101.14, 174.5, 58, 'F', 0.19, 'V']]]] - Fitness: 0.51 - Remaining life time: 1 - Adaptive max selections: 0
Parent: [[[-1, [43.83, 161.28, 72, 'N', 0.28, 'N']], [5, ['M']]], [[-1, [111.1, 181.67, 30, 'M', 0.1, 'S']], [2, [30]]]] - Fitness: 0.51 - Remaining life time: 1 - Adaptive max selections: 0
-------------------------------------------
Random values
0.166458586030249|
0.32253305544964916|
Individual test suite: [[[-1, [104.37, 198.2, 46, 'M', 0.14, 'E']], [5, ['N']], [5, ['E']], [4, [0.23]]], [[-1, [101.14, 174.5, 58, 'F', 0.19, 'V']]]]
Previous fitness: -1
New fitness: 0.51
Individual test suite: [[[-1, [43.83, 161.28, 72, 'N', 0.28, 'N']], [5, ['M']]], [[-1, [111.1, 181.67, 30, 'M', 0.1, 'S']], [2, [30]]]]
Previous fitness: -1
New fitness: 0.51
Offsprings before rlt setting: 
Offspring 1: -1
Offspring 2: -1
#----------------------------------------------------------------#
Offsprings after rlt setting: 
Offspring 1: 1
Offspring 2: 1
#----------------------------------------------------------------#
Old best fitness: 0
------------------------ GENERATION STATS ------------------------
Generation: 1 - Old best fitness: 0.65 - Best fitness: 0.65 - Best fitness seen: 0.65 - Average fitness: 0.56 - Generations without fitness improvement: 1 - Population size: 6
------------------------------------------------------------------
Population size values: [6] - Generation number values: [1] - Generation fitness values: [0.65] - Crossover rate values: [0] - Mutation rate values: [0] - Iteration number population control: 2
------------------------------------------------------------------
Generation number: 1
---------------------------------------------------------------
# ----------- Parents selected ----------- #
Parent: [[[-1, [69.36, 160.36, 38, 'F', 0.13, 'M']], [9, []]], [[-1, [173.41, 185.37, 20, 'N', 0.1, 'S']], [1, [194.3]]]] - Fitness: 0.65 - Remaining life time: 10 - Adaptive max selections: 0
Parent: [[[-1, [69.36, 160.36, 38, 'F', 0.13, 'M']], [9, []]], [[-1, [134.23, 203.93, 45, 'N', 0.22, 'L']], [1, [154.72]]]] - Fitness: 0.65 - Remaining life time: 10 - Adaptive max selections: 0
-------------------------------------------
Random values
0.5228290812300014|
0.6325415058041305|
Individual test suite: [[[-1, [69.36, 160.36, 38, 'F', 0.13, 'M']], [9, []]], [[-1, [134.23, 203.93, 45, 'N', 0.22, 'L']], [1, [154.72]]]]
Previous fitness: -1
New fitness: 0.65
Individual test suite: [[[-1, [69.36, 160.36, 38, 'F', 0.13, 'M']], [9, []]], [[-1, [173.41, 185.37, 20, 'N', 0.1, 'S']], [1, [194.3]]]]
Previous fitness: -1
New fitness: 0.65
Mutation applied to offspring 2 using other method | Offspring 2: [[[-1, [69.36, 160.36, 38, 'F', 0.13, 'M']], [9, []]], [[-1, [173.41, 185.37, 20, 'N', 0.1, 'S']], [1, [194.3]]]]
Change parameters
Position test case 0
Position method 1
Function:9
Individual test suite: [[[-1, [69.36, 160.36, 38, 'F', 0.13, 'M']], [6, []]], [[-1, [173.41, 185.37, 20, 'N', 0.1, 'S']], [1, [194.3]]]]
Previous fitness: -1
New fitness: 0.58
Offspring 2 after mutation: [[[-1, [69.36, 160.36, 38, 'F', 0.13, 'M']], [6, []]], [[-1, [173.41, 185.37, 20, 'N', 0.1, 'S']], [1, [194.3]]]]
Offsprings before rlt setting: 
Offspring 1: -1
Offspring 2: -1
#----------------------------------------------------------------#
Offsprings after rlt setting: 
Offspring 1: 10
Offspring 2: 6
#----------------------------------------------------------------#
# ----------- Parents selected ----------- #
Parent: [[[-1, [104.37, 198.2, 46, 'M', 0.14, 'E']], [5, ['N']], [5, ['E']], [4, [0.23]]], [[-1, [101.14, 174.5, 58, 'F', 0.19, 'V']]]] - Fitness: 0.51 - Remaining life time: 1 - Adaptive max selections: 0
Parent: [[[-1, [69.36, 160.36, 38, 'F', 0.13, 'M']], [6, []]], [[-1, [173.41, 185.37, 20, 'N', 0.1, 'S']], [1, [194.3]]]] - Fitness: 0.65 - Remaining life time: 10 - Adaptive max selections: 0
-------------------------------------------
Crossover operation was not performed
Offsprings before rlt setting: 
Offspring 1: 1
Offspring 2: 10
#----------------------------------------------------------------#
Offsprings after rlt setting: 
Offspring 1: 1
Offspring 2: 10
#----------------------------------------------------------------#
# ----------- Parents selected ----------- #
Parent: [[[-1, [104.37, 198.2, 46, 'M', 0.14, 'E']], [5, ['N']], [5, ['E']], [4, [0.23]]], [[-1, [101.14, 174.5, 58, 'F', 0.19, 'V']]]] - Fitness: 0.51 - Remaining life time: 1 - Adaptive max selections: 0
Parent: [[[-1, [69.36, 160.36, 38, 'F', 0.13, 'M']], [6, []]], [[-1, [173.41, 185.37, 20, 'N', 0.1, 'S']], [1, [194.3]]]] - Fitness: 0.65 - Remaining life time: 10 - Adaptive max selections: 0
-------------------------------------------
Crossover operation was not performed
Mutation applied to offspring 2 using other method | Offspring 2: [[[-1, [69.36, 160.36, 38, 'F', 0.13, 'M']], [6, []]], [[-1, [173.41, 185.37, 20, 'N', 0.1, 'S']], [1, [194.3]]]]
Change parameters
Position test case 0
Position method 1
Function:6
Individual test suite: [[[-1, [69.36, 160.36, 38, 'F', 0.13, 'M']], [7, []]], [[-1, [173.41, 185.37, 20, 'N', 0.1, 'S']], [1, [194.3]]]]
Previous fitness: -1
New fitness: 0.54
Offspring 2 after mutation: [[[-1, [69.36, 160.36, 38, 'F', 0.13, 'M']], [7, []]], [[-1, [173.41, 185.37, 20, 'N', 0.1, 'S']], [1, [194.3]]]]
Offsprings before rlt setting: 
Offspring 1: 1
Offspring 2: -1
#----------------------------------------------------------------#
Offsprings after rlt setting: 
Offspring 1: 1
Offspring 2: 3
#----------------------------------------------------------------#
Old best fitness: 0.65
------------------------ GENERATION STATS ------------------------
Generation: 2 - Old best fitness: 0.65 - Best fitness: 0.65 - Best fitness seen: 0.65 - Average fitness: 0.57 - Generations without fitness improvement: 2 - Population size: 6
------------------------------------------------------------------
Population size values: [6, 6] - Generation number values: [1, 2] - Generation fitness values: [0.65, 0.65] - Crossover rate values: [0, 0] - Mutation rate values: [0, 0] - Iteration number population control: 3
------------------------------------------------------------------
Started writing list data into a json file
Done writing JSON data into .json file
Done writing JSON data into .json file
Done writing JSON data into .json file
Done writing JSON data into .json file
Done writing JSON data into .json file
Done writing JSON data into .json file
Started writing list data into a json file
Done writing JSON data into .json file
-----------------------------------------------
New Population After Genetic Algorithm Execution
-------------------------------------
Test Suite - [[[-1, [69.36, 160.36, 38, 'F', 0.13, 'M']], [7, []]], [[-1, [134.23, 203.93, 45, 'N', 0.22, 'L']], [1, [154.72]]]]
Fitness - 0.65
Crossover Rate - 0.72146839162997
Mutation Rate - 0.1666071486892351
Adaptive Max Selections - 0
Remaining Life Time - 10
-------------------------------------
Test Suite - [[[-1, [69.36, 160.36, 38, 'F', 0.13, 'M']], [7, []]], [[-1, [173.41, 185.37, 20, 'N', 0.1, 'S']], [1, [194.3]]]]
Fitness - 0.58
Crossover Rate - 0.961281481250171
Mutation Rate - 0.9668736836406493
Adaptive Max Selections - 0
Remaining Life Time - 5
-------------------------------------
Test Suite - [[[-1, [104.37, 198.2, 46, 'M', 0.14, 'E']], [5, ['N']], [5, ['E']], [4, [0.23]]], [[-1, [101.14, 174.5, 58, 'F', 0.19, 'V']]]]
Fitness - 0.51
Crossover Rate - 0.8737130359209042
Mutation Rate - 0.2564177008353282
Adaptive Max Selections - 0
Remaining Life Time - 1
-------------------------------------
Test Suite - [[[-1, [69.36, 160.36, 38, 'F', 0.13, 'M']], [7, []]], [[-1, [173.41, 185.37, 20, 'N', 0.1, 'S']], [1, [194.3]]]]
Fitness - 0.65
Crossover Rate - 0.22416845938800922
Mutation Rate - 0.7660464098486407
Adaptive Max Selections - 0
Remaining Life Time - 10
-------------------------------------
Test Suite - [[[-1, [104.37, 198.2, 46, 'M', 0.14, 'E']], [5, ['N']], [5, ['E']], [4, [0.23]]], [[-1, [101.14, 174.5, 58, 'F', 0.19, 'V']]]]
Fitness - 0.51
Crossover Rate - 0.8737130359209042
Mutation Rate - 0.2564177008353282
Adaptive Max Selections - 0
Remaining Life Time - 1
-------------------------------------
Test Suite - [[[-1, [69.36, 160.36, 38, 'F', 0.13, 'M']], [7, []]], [[-1, [173.41, 185.37, 20, 'N', 0.1, 'S']], [1, [194.3]]]]
Fitness - 0.54
Crossover Rate - 0.593799631407086
Mutation Rate - 0.020410257066060478
Adaptive Max Selections - 0
Remaining Life Time - 3
Generation number: 0
---------------------------------------------------------------
# ----------- Parents selected ----------- #
Parent: [[[-1, [155.69, 205.59, 16, 'F', 0.16, 'M']]], [[-1, [129.58, 189.43, 34, 'F', 0.03, 'L']]]] - Fitness: 0.5 - Remaining life time: 1 - Adaptive max selections: 0
Parent: [[[-1, [155.69, 205.59, 16, 'F', 0.16, 'M']]], [[-1, [129.58, 189.43, 34, 'F', 0.03, 'L']]]] - Fitness: 0.5 - Remaining life time: 1 - Adaptive max selections: 0
-------------------------------------------
Random values
0.054644815312375195|
0.3004908407515541|
Individual test suite: [[[-1, [155.69, 205.59, 16, 'F', 0.16, 'M']]], [[-1, [129.58, 189.43, 34, 'F', 0.03, 'L']]]]
Previous fitness: -1
New fitness: 0.5
Individual test suite: [[[-1, [155.69, 205.59, 16, 'F', 0.16, 'M']]], [[-1, [129.58, 189.43, 34, 'F', 0.03, 'L']]]]
Previous fitness: -1
New fitness: 0.5
Mutation applied to offspring 1 using other method | Offspring 1: [[[-1, [155.69, 205.59, 16, 'F', 0.16, 'M']]], [[-1, [129.58, 189.43, 34, 'F', 0.03, 'L']]]]
Change parameters
Position test case 1
Position method 0
Constructor
Individual test suite: [[[-1, [155.69, 205.59, 16, 'F', 0.16, 'M']]], [[-1, [176.6, 177.52, 27, 'M', 0.09, 'L']]]]
Previous fitness: -1
New fitness: 0.5
Offspring 1 after mutation: [[[-1, [155.69, 205.59, 16, 'F', 0.16, 'M']]], [[-1, [176.6, 177.52, 27, 'M', 0.09, 'L']]]]
Offsprings before rlt setting: 
Offspring 1: -1
Offspring 2: -1
#----------------------------------------------------------------#
Offsprings after rlt setting: 
Offspring 1: 1
Offspring 2: 1
#----------------------------------------------------------------#
# ----------- Parents selected ----------- #
Parent: [[[-1, [140.67, 197.62, 13, 'F', 0.22, 'V']], [6, []]], [[-1, [102.73, 212.67, 65, 'F', 0.14, 'V']], [5, ['V']]], [[-1, [144.35, 175.01, 74, 'M', 0.17, 'M']], [0, [158.89]], [1, [181.42]], [9, []], [3, ['N']]]] - Fitness: 0.71 - Remaining life time: 10 - Adaptive max selections: 0
Parent: [[[-1, [118.61, 140.98, 58, 'N', 0.17, 'S']], [6, []], [5, ['E']]], [[-1, [87.01, 191.19, 40, 'F', 0.29, 'L']]]] - Fitness: 0.51 - Remaining life time: 1 - Adaptive max selections: 0
-------------------------------------------
Crossover operation was not performed
Offsprings before rlt setting: 
Offspring 1: 10
Offspring 2: 1
#----------------------------------------------------------------#
Offsprings after rlt setting: 
Offspring 1: 10
Offspring 2: 1
#----------------------------------------------------------------#
# ----------- Parents selected ----------- #
Parent: [[[-1, [140.67, 197.62, 13, 'F', 0.22, 'V']], [6, []]], [[-1, [102.73, 212.67, 65, 'F', 0.14, 'V']], [5, ['V']]], [[-1, [144.35, 175.01, 74, 'M', 0.17, 'M']], [0, [158.89]], [1, [181.42]], [9, []], [3, ['N']]]] - Fitness: 0.71 - Remaining life time: 10 - Adaptive max selections: 0
Parent: [[[-1, [210.5, 208.17, 46, 'F', 0.09, 'V']]], [[-1, [175.03, 165.57, 38, 'M', 0.04, 'N']], [5, ['N']], [9, []], [6, []]], [[-1, [65.19, 177.36, 43, 'F', 0.07, 'V']]]] - Fitness: 0.53 - Remaining life time: 3 - Adaptive max selections: 0
-------------------------------------------
Random values
0.612767607731292|
0.5654097118026455|
0.013115751062224401|
Individual test suite: [[[-1, [210.5, 208.17, 46, 'F', 0.09, 'V']]], [[-1, [175.03, 165.57, 38, 'M', 0.04, 'N']], [5, ['N']], [9, []], [6, []]], [[-1, [144.35, 175.01, 74, 'M', 0.17, 'M']], [0, [158.89]], [1, [181.42]], [9, []], [3, ['N']]]]
Previous fitness: -1
New fitness: 0.69
Individual test suite: [[[-1, [140.67, 197.62, 13, 'F', 0.22, 'V']], [6, []]], [[-1, [102.73, 212.67, 65, 'F', 0.14, 'V']], [5, ['V']]], [[-1, [65.19, 177.36, 43, 'F', 0.07, 'V']]]]
Previous fitness: -1
New fitness: 0.56
Offsprings before rlt setting: 
Offspring 1: -1
Offspring 2: -1
#----------------------------------------------------------------#
Offsprings after rlt setting: 
Offspring 1: 9
Offspring 2: 5
#----------------------------------------------------------------#
Best solution: [[[-1, [140.67, 197.62, 13, 'F', 0.22, 'V']], [6, []]], [[-1, [102.73, 212.67, 65, 'F', 0.14, 'V']], [5, ['V']]], [[-1, [144.35, 175.01, 74, 'M', 0.17, 'M']], [0, [158.89]], [1, [181.42]], [9, []], [3, ['N']]]] - Fitness: 0.71
Old best fitness: 0
------------------------ GENERATION STATS ------------------------
Generation: 1 - Old best fitness: 0.71 - Best fitness: 0.71 - Best fitness seen: 0.71 - Average fitness: 0.58 - Generations without fitness improvement: 0 - Population size: 6
------------------------------------------------------------------
Population size values: [6] - Generation number values: [1] - Generation fitness values: [0.71] - Crossover rate values: [0] - Mutation rate values: [0] - Iteration number population control: 2
------------------------------------------------------------------
Generation number: 1
---------------------------------------------------------------
# ----------- Parents selected ----------- #
Parent: [[[-1, [155.69, 205.59, 16, 'F', 0.16, 'M']]], [[-1, [176.6, 177.52, 27, 'M', 0.09, 'L']]]] - Fitness: 0.5 - Remaining life time: 1 - Adaptive max selections: 0
Parent: [[[-1, [118.61, 140.98, 58, 'N', 0.17, 'S']], [6, []], [5, ['E']]], [[-1, [87.01, 191.19, 40, 'F', 0.29, 'L']]]] - Fitness: 0.51 - Remaining life time: 1 - Adaptive max selections: 0
-------------------------------------------
Crossover operation was not performed
Mutation applied to offspring 2 using other method | Offspring 2: [[[-1, [118.61, 140.98, 58, 'N', 0.17, 'S']], [6, []], [5, ['E']]], [[-1, [87.01, 191.19, 40, 'F', 0.29, 'L']]]]
Change parameters
Position test case 0
Position method 0
Constructor
Individual test suite: [[[-1, [44.34, 192.8, 77, 'N', 0.11, 'M']], [6, []], [5, ['E']]], [[-1, [87.01, 191.19, 40, 'F', 0.29, 'L']]]]
Previous fitness: -1
New fitness: 0.51
Offspring 2 after mutation: [[[-1, [44.34, 192.8, 77, 'N', 0.11, 'M']], [6, []], [5, ['E']]], [[-1, [87.01, 191.19, 40, 'F', 0.29, 'L']]]]
Offsprings before rlt setting: 
Offspring 1: 1
Offspring 2: -1
#----------------------------------------------------------------#
Offsprings after rlt setting: 
Offspring 1: 1
Offspring 2: 1
#----------------------------------------------------------------#
# ----------- Parents selected ----------- #
Parent: [[[-1, [155.69, 205.59, 16, 'F', 0.16, 'M']]], [[-1, [176.6, 177.52, 27, 'M', 0.09, 'L']]]] - Fitness: 0.5 - Remaining life time: 1 - Adaptive max selections: 0
Parent: [[[-1, [155.69, 205.59, 16, 'F', 0.16, 'M']]], [[-1, [176.6, 177.52, 27, 'M', 0.09, 'L']]]] - Fitness: 0.5 - Remaining life time: 1 - Adaptive max selections: 0
-------------------------------------------
Crossover operation was not performed
Offsprings before rlt setting: 
Offspring 1: 1
Offspring 2: 1
#----------------------------------------------------------------#
Offsprings after rlt setting: 
Offspring 1: 1
Offspring 2: 1
#----------------------------------------------------------------#
# ----------- Parents selected ----------- #
Parent: [[[-1, [155.69, 205.59, 16, 'F', 0.16, 'M']]], [[-1, [176.6, 177.52, 27, 'M', 0.09, 'L']]]] - Fitness: 0.5 - Remaining life time: 1 - Adaptive max selections: 0
Parent: [[[-1, [140.67, 197.62, 13, 'F', 0.22, 'V']], [6, []]], [[-1, [102.73, 212.67, 65, 'F', 0.14, 'V']], [5, ['V']]], [[-1, [144.35, 175.01, 74, 'M', 0.17, 'M']], [0, [158.89]], [1, [181.42]], [9, []], [3, ['N']]]] - Fitness: 0.71 - Remaining life time: 10 - Adaptive max selections: 0
-------------------------------------------
Crossover operation was not performed
Mutation applied to offspring 1 using other method | Offspring 1: [[[-1, [155.69, 205.59, 16, 'F', 0.16, 'M']]], [[-1, [176.6, 177.52, 27, 'M', 0.09, 'L']]]]
Change parameters
Position test case 1
Position method 0
Constructor
Individual test suite: [[[-1, [155.69, 205.59, 16, 'F', 0.16, 'M']]], [[-1, [62.04, 175.59, 56, 'F', 0.04, 'M']]]]
Previous fitness: -1
New fitness: 0.5
Offspring 1 after mutation: [[[-1, [155.69, 205.59, 16, 'F', 0.16, 'M']]], [[-1, [62.04, 175.59, 56, 'F', 0.04, 'M']]]]
Mutation applied to offspring 2 using other method | Offspring 2: [[[-1, [140.67, 197.62, 13, 'F', 0.22, 'V']], [6, []]], [[-1, [102.73, 212.67, 65, 'F', 0.14, 'V']], [5, ['V']]], [[-1, [144.35, 175.01, 74, 'M', 0.17, 'M']], [0, [158.89]], [1, [181.42]], [9, []], [3, ['N']]]]
Change parameters
Position test case 2
Position method 3
Function:9
Individual test suite: [[[-1, [140.67, 197.62, 13, 'F', 0.22, 'V']], [6, []]], [[-1, [102.73, 212.67, 65, 'F', 0.14, 'V']], [5, ['V']]], [[-1, [144.35, 175.01, 74, 'M', 0.17, 'M']], [0, [158.89]], [1, [181.42]], [5, ['M']], [3, ['N']]]]
Previous fitness: -1
New fitness: 0.58
Offspring 2 after mutation: [[[-1, [140.67, 197.62, 13, 'F', 0.22, 'V']], [6, []]], [[-1, [102.73, 212.67, 65, 'F', 0.14, 'V']], [5, ['V']]], [[-1, [144.35, 175.01, 74, 'M', 0.17, 'M']], [0, [158.89]], [1, [181.42]], [5, ['M']], [3, ['N']]]]
Offsprings before rlt setting: 
Offspring 1: -1
Offspring 2: -1
#----------------------------------------------------------------#
Offsprings after rlt setting: 
Offspring 1: 1
Offspring 2: 5
#----------------------------------------------------------------#
Old best fitness: 0.71
------------------------ GENERATION STATS ------------------------
Generation: 2 - Old best fitness: 0.58 - Best fitness: 0.58 - Best fitness seen: 0.71 - Average fitness: 0.52 - Generations without fitness improvement: 1 - Population size: 6
------------------------------------------------------------------
Population size values: [6, 6] - Generation number values: [1, 2] - Generation fitness values: [0.71, 0.58] - Crossover rate values: [0, 0] - Mutation rate values: [0, 0] - Iteration number population control: 3
------------------------------------------------------------------
Generation number: 2
---------------------------------------------------------------
# ----------- Parents selected ----------- #
Parent: [[[-1, [155.69, 205.59, 16, 'F', 0.16, 'M']]], [[-1, [62.04, 175.59, 56, 'F', 0.04, 'M']]]] - Fitness: 0.5 - Remaining life time: 1 - Adaptive max selections: 0
Parent: [[[-1, [155.69, 205.59, 16, 'F', 0.16, 'M']]], [[-1, [62.04, 175.59, 56, 'F', 0.04, 'M']]]] - Fitness: 0.5 - Remaining life time: 1 - Adaptive max selections: 0
-------------------------------------------
Random values
0.3586754496421607|
0.5559827856764115|
Individual test suite: [[[-1, [155.69, 205.59, 16, 'F', 0.16, 'M']]], [[-1, [62.04, 175.59, 56, 'F', 0.04, 'M']]]]
Previous fitness: -1
New fitness: 0.5
Individual test suite: [[[-1, [155.69, 205.59, 16, 'F', 0.16, 'M']]], [[-1, [62.04, 175.59, 56, 'F', 0.04, 'M']]]]
Previous fitness: -1
New fitness: 0.5
Offsprings before rlt setting: 
Offspring 1: -1
Offspring 2: -1
#----------------------------------------------------------------#
Offsprings after rlt setting: 
Offspring 1: 1
Offspring 2: 1
#----------------------------------------------------------------#
# ----------- Parents selected ----------- #
Parent: [[[-1, [155.69, 205.59, 16, 'F', 0.16, 'M']]], [[-1, [62.04, 175.59, 56, 'F', 0.04, 'M']]]] - Fitness: 0.5 - Remaining life time: 1 - Adaptive max selections: 0
Parent: [[[-1, [140.67, 197.62, 13, 'F', 0.22, 'V']], [6, []]], [[-1, [102.73, 212.67, 65, 'F', 0.14, 'V']], [5, ['V']]], [[-1, [144.35, 175.01, 74, 'M', 0.17, 'M']], [0, [158.89]], [1, [181.42]], [5, ['M']], [3, ['N']]]] - Fitness: 0.58 - Remaining life time: 10 - Adaptive max selections: 0
-------------------------------------------
Random values
0.5748437252417178|
0.46174224229412564|
Individual test suite: [[[-1, [140.67, 197.62, 13, 'F', 0.22, 'V']], [6, []]], [[-1, [62.04, 175.59, 56, 'F', 0.04, 'M']]]]
Previous fitness: -1
New fitness: 0.56
Individual test suite: [[[-1, [155.69, 205.59, 16, 'F', 0.16, 'M']]], [[-1, [102.73, 212.67, 65, 'F', 0.14, 'V']], [5, ['V']]]]
Previous fitness: -1
New fitness: 0.5
Offsprings before rlt setting: 
Offspring 1: -1
Offspring 2: -1
#----------------------------------------------------------------#
Offsprings after rlt setting: 
Offspring 1: 8
Offspring 2: 1
#----------------------------------------------------------------#
# ----------- Parents selected ----------- #
Parent: [[[-1, [155.69, 205.59, 16, 'F', 0.16, 'M']]], [[-1, [62.04, 175.59, 56, 'F', 0.04, 'M']]]] - Fitness: 0.5 - Remaining life time: 1 - Adaptive max selections: 0
Parent: [[[-1, [155.69, 205.59, 16, 'F', 0.16, 'M']]], [[-1, [62.04, 175.59, 56, 'F', 0.04, 'M']]]] - Fitness: 0.5 - Remaining life time: 1 - Adaptive max selections: 0
-------------------------------------------
Random values
0.7290453281661639|
0.8244931778912589|
Individual test suite: [[[-1, [155.69, 205.59, 16, 'F', 0.16, 'M']]], [[-1, [62.04, 175.59, 56, 'F', 0.04, 'M']]]]
Previous fitness: -1
New fitness: 0.5
Individual test suite: [[[-1, [155.69, 205.59, 16, 'F', 0.16, 'M']]], [[-1, [62.04, 175.59, 56, 'F', 0.04, 'M']]]]
Previous fitness: -1
New fitness: 0.5
Mutation applied to offspring 1 using other method | Offspring 1: [[[-1, [155.69, 205.59, 16, 'F', 0.16, 'M']]], [[-1, [62.04, 175.59, 56, 'F', 0.04, 'M']]]]
Change parameters
Position test case 1
Position method 0
Constructor
Individual test suite: [[[-1, [155.69, 205.59, 16, 'F', 0.16, 'M']]], [[-1, [58.75, 181.21, 43, 'F', 0.03, 'E']]]]
Previous fitness: -1
New fitness: 0.5
Offspring 1 after mutation: [[[-1, [155.69, 205.59, 16, 'F', 0.16, 'M']]], [[-1, [58.75, 181.21, 43, 'F', 0.03, 'E']]]]
Offsprings before rlt setting: 
Offspring 1: -1
Offspring 2: -1
#----------------------------------------------------------------#
Offsprings after rlt setting: 
Offspring 1: 1
Offspring 2: 1
#----------------------------------------------------------------#
Old best fitness: 0.58
------------------------ GENERATION STATS ------------------------
Generation: 3 - Old best fitness: 0.56 - Best fitness: 0.56 - Best fitness seen: 0.71 - Average fitness: 0.51 - Generations without fitness improvement: 2 - Population size: 6
------------------------------------------------------------------
Population size values: [6, 6, 6] - Generation number values: [1, 2, 3] - Generation fitness values: [0.71, 0.58, 0.56] - Crossover rate values: [0, 0, 0] - Mutation rate values: [0, 0, 0] - Iteration number population control: 4
------------------------------------------------------------------
Started writing list data into a json file
Done writing JSON data into .json file
Done writing JSON data into .json file
Done writing JSON data into .json file
Done writing JSON data into .json file
Done writing JSON data into .json file
Done writing JSON data into .json file
Started writing list data into a json file
Done writing JSON data into .json file
-----------------------------------------------
New Population After Genetic Algorithm Execution
-------------------------------------
Test Suite - [[[-1, [155.69, 205.59, 16, 'F', 0.16, 'M']]], [[-1, [58.75, 181.21, 43, 'F', 0.03, 'E']]]]
Fitness - 0.5
Crossover Rate - 0.44029542859225435
Mutation Rate - 0.9544991533184881
Adaptive Max Selections - 0
Remaining Life Time - 1
-------------------------------------
Test Suite - [[[-1, [155.69, 205.59, 16, 'F', 0.16, 'M']]], [[-1, [58.75, 181.21, 43, 'F', 0.03, 'E']]]]
Fitness - 0.5
Crossover Rate - 0.2514702119839748
Mutation Rate - 0.0234192215451432
Adaptive Max Selections - 0
Remaining Life Time - 1
-------------------------------------
Test Suite - [[[-1, [140.67, 197.62, 13, 'F', 0.22, 'V']], [6, []]], [[-1, [58.75, 181.21, 43, 'F', 0.03, 'E']]]]
Fitness - 0.56
Crossover Rate - 0.4143171281485273
Mutation Rate - 0.04762473562617986
Adaptive Max Selections - 0
Remaining Life Time - 10
-------------------------------------
Test Suite - [[[-1, [155.69, 205.59, 16, 'F', 0.16, 'M']]], [[-1, [102.73, 212.67, 65, 'F', 0.14, 'V']], [5, ['V']]]]
Fitness - 0.5
Crossover Rate - 0.6989896087611733
Mutation Rate - 0.9506843438063721
Adaptive Max Selections - 0
Remaining Life Time - 1
-------------------------------------
Test Suite - [[[-1, [155.69, 205.59, 16, 'F', 0.16, 'M']]], [[-1, [58.75, 181.21, 43, 'F', 0.03, 'E']]]]
Fitness - 0.5
Crossover Rate - 0.5528167371978366
Mutation Rate - 0.4376027739358568
Adaptive Max Selections - 0
Remaining Life Time - 1
-------------------------------------
Test Suite - [[[-1, [155.69, 205.59, 16, 'F', 0.16, 'M']]], [[-1, [58.75, 181.21, 43, 'F', 0.03, 'E']]]]
Fitness - 0.5
Crossover Rate - 0.09110690270309474
Mutation Rate - 0.0700064513908697
Adaptive Max Selections - 0
Remaining Life Time - 1
Generation number: 0
---------------------------------------------------------------
Random values
0.5934202754014295|
0.3717271235942481|
0.6080091097114587|
Individual test suite: [[[-1, [53.63, 183.78, 28, 'N', 0.25, 'V']]], [[-1, [57.68, 196.78, 57, 'F', 0.03, 'V']], [2, [78]]], [[-1, [64.41, 183.44, 33, 'M', 0.16, 'L']], [4, [0.14]]]]
Previous fitness: -1
New fitness: 0.51
Individual test suite: [[[-1, [194.29, 144.55, 33, 'N', 0.26, 'V']], [1, [194.47]], [0, [52.45]]], [[-1, [180.39, 187.52, 47, 'N', 0.12, 'E']]], [[-1, [144.86, 216.25, 13, 'M', 0.22, 'S']], [0, [55.38]], [6, []], [7, []]]]
Previous fitness: -1
New fitness: 0.61
Random values
0.6121503911707499|
0.6018183949795627|
0.8928407927722036|
Individual test suite: [[[-1, [194.29, 144.55, 33, 'N', 0.26, 'V']], [1, [194.47]], [0, [52.45]]], [[-1, [57.68, 196.78, 57, 'F', 0.03, 'V']], [2, [78]]], [[-1, [144.86, 216.25, 13, 'M', 0.22, 'S']], [0, [55.38]], [6, []], [7, []]]]
Previous fitness: -1
New fitness: 0.61
Individual test suite: [[[-1, [53.63, 183.78, 28, 'N', 0.25, 'V']]], [[-1, [180.39, 187.52, 47, 'N', 0.12, 'E']]], [[-1, [64.41, 183.44, 33, 'M', 0.16, 'L']], [4, [0.14]]]]
Previous fitness: -1
New fitness: 0.51
New population size: 4
Random values
0.9172610703668667|
0.5902743516159658|
0.23573808186246537|
Individual test suite: [[[-1, [154.78, 151.64, 15, 'M', 0.24, 'N']], [8, []], [6, []], [2, [17]], [1, [171.66]]], [[-1, [47.52, 170.97, 23, 'M', 0.17, 'L']], [2, [19]]], [[-1, [131.35, 209.94, 10, 'F', 0.18, 'E']]]]
Previous fitness: -1
New fitness: 0.51
Individual test suite: [[[-1, [154.78, 151.64, 15, 'M', 0.24, 'N']], [8, []], [6, []], [2, [17]], [1, [171.66]]], [[-1, [47.52, 170.97, 23, 'M', 0.17, 'L']], [2, [19]]], [[-1, [131.35, 209.94, 10, 'F', 0.18, 'E']]]]
Previous fitness: -1
New fitness: 0.51
New population size: 6
Best solution: [[[-1, [194.29, 144.55, 33, 'N', 0.26, 'V']], [1, [194.47]], [0, [52.45]]], [[-1, [180.39, 187.52, 47, 'N', 0.12, 'E']]], [[-1, [144.86, 216.25, 13, 'M', 0.22, 'S']], [0, [55.38]], [6, []], [7, []]]] - Fitness: 0.61
Old best fitness: 0
------------------------ GENERATION STATS ------------------------
Generation: 1 - Old best fitness: 0.61 - Best fitness: 0.61 - Best fitness seen: 0.61 - Average fitness: 0.54 - Generations without fitness improvement: 0 - Population size: 6
------------------------------------------------------------------
Population size values: [6] - Generation number values: [1] - Generation fitness values: [0.61] - Crossover rate values: [0] - Mutation rate values: [0] - Iteration number population control: 2
------------------------------------------------------------------
Generation number: 1
---------------------------------------------------------------
Random values
0.25492168805509974|
0.23800479797651763|
0.3655020930262006|
Individual test suite: [[[-1, [194.29, 144.55, 33, 'N', 0.26, 'V']], [1, [194.47]], [0, [52.45]]], [[-1, [180.39, 187.52, 47, 'N', 0.12, 'E']]], [[-1, [144.86, 216.25, 13, 'M', 0.22, 'S']], [0, [55.38]], [6, []], [7, []]]]
Previous fitness: -1
New fitness: 0.61
Individual test suite: [[[-1, [53.63, 183.78, 28, 'N', 0.25, 'V']]], [[-1, [57.68, 196.78, 57, 'F', 0.03, 'V']], [2, [78]]], [[-1, [64.41, 183.44, 33, 'M', 0.16, 'L']], [4, [0.14]]]]
Previous fitness: -1
New fitness: 0.51
Random values
0.3169487701263185|
0.3892668208590663|
0.08150264882646086|
Individual test suite: [[[-1, [194.29, 144.55, 33, 'N', 0.26, 'V']], [1, [194.47]], [0, [52.45]]], [[-1, [57.68, 196.78, 57, 'F', 0.03, 'V']], [2, [78]]], [[-1, [144.86, 216.25, 13, 'M', 0.22, 'S']], [0, [55.38]], [6, []], [7, []]]]
Previous fitness: -1
New fitness: 0.61
Individual test suite: [[[-1, [194.29, 144.55, 33, 'N', 0.26, 'V']], [1, [194.47]], [0, [52.45]]], [[-1, [57.68, 196.78, 57, 'F', 0.03, 'V']], [2, [78]]], [[-1, [144.86, 216.25, 13, 'M', 0.22, 'S']], [0, [55.38]], [6, []], [7, []]]]
Previous fitness: -1
New fitness: 0.61
Random values
0.10330150397532889|
0.987402709895881|
0.33117671292993767|
Individual test suite: [[[-1, [53.63, 183.78, 28, 'N', 0.25, 'V']]], [[-1, [180.39, 187.52, 47, 'N', 0.12, 'E']]], [[-1, [64.41, 183.44, 33, 'M', 0.16, 'L']], [4, [0.14]]]]
Previous fitness: -1
New fitness: 0.51
Individual test suite: [[[-1, [194.29, 144.55, 33, 'N', 0.26, 'V']], [1, [194.47]], [0, [52.45]]], [[-1, [57.68, 196.78, 57, 'F', 0.03, 'V']], [2, [78]]], [[-1, [144.86, 216.25, 13, 'M', 0.22, 'S']], [0, [55.38]], [6, []], [7, []]]]
Previous fitness: -1
New fitness: 0.61
New population size: 6
Old best fitness: 0.61
------------------------ GENERATION STATS ------------------------
Generation: 2 - Old best fitness: 0.61 - Best fitness: 0.61 - Best fitness seen: 0.61 - Average fitness: 0.58 - Generations without fitness improvement: 1 - Population size: 6
------------------------------------------------------------------
Population size values: [6, 6] - Generation number values: [1, 2] - Generation fitness values: [0.61, 0.61] - Crossover rate values: [0, 0] - Mutation rate values: [0, 0] - Iteration number population control: 3
------------------------------------------------------------------
Generation number: 2
---------------------------------------------------------------
Random values
0.21303333553175274|
0.07219403426008708|
0.027025236066178016|
Individual test suite: [[[-1, [194.29, 144.55, 33, 'N', 0.26, 'V']], [1, [194.47]], [0, [52.45]]], [[-1, [180.39, 187.52, 47, 'N', 0.12, 'E']]], [[-1, [144.86, 216.25, 13, 'M', 0.22, 'S']], [0, [55.38]], [6, []], [7, []]]]
Previous fitness: -1
New fitness: 0.61
Individual test suite: [[[-1, [194.29, 144.55, 33, 'N', 0.26, 'V']], [1, [194.47]], [0, [52.45]]], [[-1, [57.68, 196.78, 57, 'F', 0.03, 'V']], [2, [78]]], [[-1, [144.86, 216.25, 13, 'M', 0.22, 'S']], [0, [55.38]], [6, []], [7, []]]]
Previous fitness: -1
New fitness: 0.61
Random values
0.4880999045167367|
0.7979584474116769|
0.5078679082891272|
Individual test suite: [[[-1, [194.29, 144.55, 33, 'N', 0.26, 'V']], [1, [194.47]], [0, [52.45]]], [[-1, [57.68, 196.78, 57, 'F', 0.03, 'V']], [2, [78]]], [[-1, [144.86, 216.25, 13, 'M', 0.22, 'S']], [0, [55.38]], [6, []], [7, []]]]
Previous fitness: -1
New fitness: 0.61
Individual test suite: [[[-1, [194.29, 144.55, 33, 'N', 0.26, 'V']], [1, [194.47]], [0, [52.45]]], [[-1, [57.68, 196.78, 57, 'F', 0.03, 'V']], [2, [78]]], [[-1, [144.86, 216.25, 13, 'M', 0.22, 'S']], [0, [55.38]], [6, []], [7, []]]]
Previous fitness: -1
New fitness: 0.61
Random values
0.9923846591533878|
0.755296236671199|
0.346240897274113|
Individual test suite: [[[-1, [194.29, 144.55, 33, 'N', 0.26, 'V']], [1, [194.47]], [0, [52.45]]], [[-1, [180.39, 187.52, 47, 'N', 0.12, 'E']]], [[-1, [144.86, 216.25, 13, 'M', 0.22, 'S']], [0, [55.38]], [6, []], [7, []]]]
Previous fitness: -1
New fitness: 0.61
Individual test suite: [[[-1, [194.29, 144.55, 33, 'N', 0.26, 'V']], [1, [194.47]], [0, [52.45]]], [[-1, [57.68, 196.78, 57, 'F', 0.03, 'V']], [2, [78]]], [[-1, [144.86, 216.25, 13, 'M', 0.22, 'S']], [0, [55.38]], [6, []], [7, []]]]
Previous fitness: -1
New fitness: 0.61
New population size: 6
Old best fitness: 0.61
------------------------ GENERATION STATS ------------------------
Generation: 3 - Old best fitness: 0.61 - Best fitness: 0.61 - Best fitness seen: 0.61 - Average fitness: 0.61 - Generations without fitness improvement: 2 - Population size: 6
------------------------------------------------------------------
Population size values: [6, 6, 6] - Generation number values: [1, 2, 3] - Generation fitness values: [0.61, 0.61, 0.61] - Crossover rate values: [0, 0, 0] - Mutation rate values: [0, 0, 0] - Iteration number population control: 4
------------------------------------------------------------------
Started writing list data into a json file
Done writing JSON data into .json file
Done writing JSON data into .json file
Done writing JSON data into .json file
Done writing JSON data into .json file
Done writing JSON data into .json file
Done writing JSON data into .json file
Started writing list data into a json file
Done writing JSON data into .json file
-----------------------------------------------
New Population After Genetic Algorithm Execution
-------------------------------------
Test Suite - [[[-1, [194.29, 144.55, 33, 'N', 0.26, 'V']], [1, [194.47]], [0, [52.45]]], [[-1, [180.39, 187.52, 47, 'N', 0.12, 'E']]], [[-1, [144.86, 216.25, 13, 'M', 0.22, 'S']], [0, [55.38]], [6, []], [7, []]]]
Fitness - 0.61
Crossover Rate - 0.3213406803939983
Mutation Rate - 0.6904585253850186
Adaptive Max Selections - 0
Remaining Life Time - 1
-------------------------------------
Test Suite - [[[-1, [194.29, 144.55, 33, 'N', 0.26, 'V']], [1, [194.47]], [0, [52.45]]], [[-1, [57.68, 196.78, 57, 'F', 0.03, 'V']], [2, [78]]], [[-1, [144.86, 216.25, 13, 'M', 0.22, 'S']], [0, [55.38]], [6, []], [7, []]]]
Fitness - 0.61
Crossover Rate - 0.07670698689551203
Mutation Rate - 0.041875502875309056
Adaptive Max Selections - 0
Remaining Life Time - 1
-------------------------------------
Test Suite - [[[-1, [194.29, 144.55, 33, 'N', 0.26, 'V']], [1, [194.47]], [0, [52.45]]], [[-1, [57.68, 196.78, 57, 'F', 0.03, 'V']], [2, [78]]], [[-1, [144.86, 216.25, 13, 'M', 0.22, 'S']], [0, [55.38]], [6, []], [7, []]]]
Fitness - 0.61
Crossover Rate - 0.3832562652992758
Mutation Rate - 0.17448247471602396
Adaptive Max Selections - 0
Remaining Life Time - 1
-------------------------------------
Test Suite - [[[-1, [194.29, 144.55, 33, 'N', 0.26, 'V']], [1, [194.47]], [0, [52.45]]], [[-1, [57.68, 196.78, 57, 'F', 0.03, 'V']], [2, [78]]], [[-1, [144.86, 216.25, 13, 'M', 0.22, 'S']], [0, [55.38]], [6, []], [7, []]]]
Fitness - 0.61
Crossover Rate - 0.9406014828395848
Mutation Rate - 0.04767419379154392
Adaptive Max Selections - 0
Remaining Life Time - 1
-------------------------------------
Test Suite - [[[-1, [194.29, 144.55, 33, 'N', 0.26, 'V']], [1, [194.47]], [0, [52.45]]], [[-1, [180.39, 187.52, 47, 'N', 0.12, 'E']]], [[-1, [144.86, 216.25, 13, 'M', 0.22, 'S']], [0, [55.38]], [6, []], [7, []]]]
Fitness - 0.61
Crossover Rate - 0.8187497578094083
Mutation Rate - 0.2588942486567941
Adaptive Max Selections - 0
Remaining Life Time - 1
-------------------------------------
Test Suite - [[[-1, [194.29, 144.55, 33, 'N', 0.26, 'V']], [1, [194.47]], [0, [52.45]]], [[-1, [57.68, 196.78, 57, 'F', 0.03, 'V']], [2, [78]]], [[-1, [144.86, 216.25, 13, 'M', 0.22, 'S']], [0, [55.38]], [6, []], [7, []]]]
Fitness - 0.61
Crossover Rate - 0.2648461760498463
Mutation Rate - 0.05283189621819795
Adaptive Max Selections - 0
Remaining Life Time - 1
Started reading list data from a json file
Started writing list data into a json file
Done writing JSON data into .json file
Started reading list data from a json file
Started writing list data into a json file
Done writing JSON data into .json file
Started reading list data from a json file
Population Generations Data
[[['generation_number_values', [1, 2, 3]], ['population_size_values', [5, 4, 4]], ['generation_fitness_values', [0.51, 0.51, 0.51]], ['crossover_rate_values', [0, 0, 0]], ['mutation_rate_values', [0, 0, 0]], ['best_fitness_seen_values', [0.51, 0.51, 0.51]]], [['generation_number_values', [1, 2, 3]], ['population_size_values', [6, 6, 6]], ['generation_fitness_values', [0.71, 0.71, 0.51]], ['crossover_rate_values', [0, 0, 0]], ['mutation_rate_values', [0, 0, 0]], ['best_fitness_seen_values', [0.71, 0.71, 0.71]]]]
------------------------------------------
Started reading list data from a json file
Started writing list data into a json file
Done writing JSON data into .json file
Started reading list data from a json file
Started writing list data into a json file
Done writing JSON data into .json file
Started reading list data from a json file
Started writing list data into a json file
Done writing JSON data into .json file
