Traceback (most recent call last):
  File "genetic_algorithm.py", line 351, in <module>
    offsprings = crossover(parents_selected, metadata, current_number_generation, inputs, configurations, configurations.crossover_type.value)
  File "/mnt/c/Users/mferr/OneDrive - Universidade da Beira Interior/Mestrado/dissertacao/masters/implementation/operations/crossover.py", line 45, in crossover
    return uniform_crossover(parents, configurations, metadata)
  File "/mnt/c/Users/mferr/OneDrive - Universidade da Beira Interior/Mestrado/dissertacao/masters/implementation/operations/crossover.py", line 140, in uniform_crossover
    offsprings.append(create_offspring(test_suite, configurations, metadata))
  File "/mnt/c/Users/mferr/OneDrive - Universidade da Beira Interior/Mestrado/dissertacao/masters/implementation/operations/population_control.py", line 63, in create_offspring
    calculate_coverage_fitness(individual, configurations.fitness_function_type.value)
  File "/mnt/c/Users/mferr/OneDrive - Universidade da Beira Interior/Mestrado/dissertacao/masters/implementation/operations/fitness_functions.py", line 29, in calculate_coverage_fitness
    process = subprocess.run(['coverage', 'report'], capture_output=True, text=True)
  File "/usr/lib/python3.8/subprocess.py", line 495, in run
    stdout, stderr = process.communicate(input, timeout=timeout)
  File "/usr/lib/python3.8/subprocess.py", line 1028, in communicate
    stdout, stderr = self._communicate(input, endtime, timeout)
  File "/usr/lib/python3.8/subprocess.py", line 1868, in _communicate
    ready = selector.select(timeout)
  File "/usr/lib/python3.8/selectors.py", line 415, in select
    fd_event_list = self._selector.poll(timeout)
KeyboardInterrupt
Traceback (most recent call last):
  File "execution_script.py", line 535, in <module>
    population_methods = population_execution(iteration)
  File "execution_script.py", line 249, in population_execution
    time = run_subprocess(['python3', 'genetic_algorithm.py'])
  File "execution_script.py", line 114, in run_subprocess
    subprocess.run(command)
  File "/usr/lib/python3.8/subprocess.py", line 495, in run
    stdout, stderr = process.communicate(input, timeout=timeout)
  File "/usr/lib/python3.8/subprocess.py", line 1020, in communicate
    self.wait()
  File "/usr/lib/python3.8/subprocess.py", line 1083, in wait
    return self._wait(timeout=timeout)
  File "/usr/lib/python3.8/subprocess.py", line 1806, in _wait
    (pid, sts) = self._try_wait(0)
  File "/usr/lib/python3.8/subprocess.py", line 1764, in _try_wait
    (pid, sts) = os.waitpid(self.pid, wait_flags)
KeyboardInterrupt
